Log file open, 11/22/21 16:41:12
LogWindows: Failed to load 'aqProf.dll' (GetLastError=126)
LogWindows: File 'aqProf.dll' does not exist
LogWindows: Failed to load 'VtuneApi.dll' (GetLastError=126)
LogWindows: File 'VtuneApi.dll' does not exist
LogWindows: Failed to load 'VtuneApi32e.dll' (GetLastError=126)
LogWindows: File 'VtuneApi32e.dll' does not exist
LogConsoleResponse: Display: Failed to find resolution value strings in scalability ini. Falling back to default.
LogConsoleResponse: Display: Failed to find resolution value strings in scalability ini. Falling back to default.
LogInit: Display: Running engine for game: TeaMates
LogPlatformFile: Not using cached read wrapper
LogTaskGraph: Started task graph with 5 named threads and 47 total threads with 3 sets of task threads.
LogStats: Stats thread started at 0.178783
LogICUInternationalization: ICU TimeZone Detection - Raw Offset: -7:00, Platform Override: ''
LogInit: Display: Loading text-based GConfig....
LogPluginManager: Mounting plugin MeshPainting
LogPluginManager: Mounting plugin XGEController
LogPluginManager: Mounting plugin Paper2D
LogPluginManager: Mounting plugin AISupport
LogPluginManager: Mounting plugin LightPropagationVolume
LogPluginManager: Mounting plugin EnvironmentQueryEditor
LogPluginManager: Mounting plugin LiveLink
LogPluginManager: Mounting plugin GameplayCameras
LogPluginManager: Mounting plugin CameraShakePreviewer
LogPluginManager: Mounting plugin AnimationSharing
LogPluginManager: Mounting plugin CLionSourceCodeAccess
LogPluginManager: Mounting plugin OodleData
LogPluginManager: Mounting plugin DatasmithContent
LogPluginManager: Mounting plugin OodleNetwork
LogPluginManager: Mounting plugin KDevelopSourceCodeAccess
LogPluginManager: Mounting plugin NullSourceCodeAccess
LogPluginManager: Mounting plugin CodeLiteSourceCodeAccess
LogPluginManager: Mounting plugin VariantManagerContent
LogPluginManager: Mounting plugin GitSourceControl
LogPluginManager: Mounting plugin PerforceSourceControl
LogPluginManager: Mounting plugin PixWinPlugin
LogPluginManager: Mounting plugin PluginUtils
LogPluginManager: Mounting plugin PropertyAccessNode
LogPluginManager: Mounting plugin PlasticSourceControl
LogPluginManager: Mounting plugin SubversionSourceControl
LogPluginManager: Mounting plugin RiderSourceCodeAccess
LogPluginManager: Mounting plugin TextureFormatOodle
LogPluginManager: Mounting plugin VisualStudioSourceCodeAccess
LogPluginManager: Mounting plugin UObjectPlugin
LogPluginManager: Mounting plugin XCodeSourceCodeAccess
LogPluginManager: Mounting plugin VisualStudioCodeSourceCodeAccess
LogPluginManager: Mounting plugin Niagara
LogPluginManager: Mounting plugin AssetManagerEditor
LogPluginManager: Mounting plugin CryptoKeys
LogPluginManager: Mounting plugin CurveEditorTools
LogPluginManager: Mounting plugin DataValidation
LogPluginManager: Mounting plugin FacialAnimation
LogPluginManager: Mounting plugin GameplayTagsEditor
LogPluginManager: Mounting plugin GeometryMode
LogPluginManager: Mounting plugin MacGraphicsSwitching
LogPluginManager: Mounting plugin MaterialAnalyzer
LogPluginManager: Mounting plugin SpeedTreeImporter
LogPluginManager: Mounting plugin MobileLauncherProfileWizard
LogPluginManager: Mounting plugin PluginBrowser
LogPluginManager: Mounting plugin LuminPlatformFeatures
LogPluginManager: Mounting plugin MagicLeap
LogPluginManager: Mounting plugin MagicLeapLightEstimation
LogPluginManager: Mounting plugin MagicLeapPassableWorld
LogPluginManager: Mounting plugin MLSDK
LogPluginManager: Mounting plugin AndroidMedia
LogPluginManager: Mounting plugin MagicLeapMedia
LogPluginManager: Mounting plugin AvfMedia
LogPluginManager: Mounting plugin ImgMedia
LogPluginManager: Mounting plugin MediaCompositing
LogPluginManager: Mounting plugin AlembicImporter
LogPluginManager: Mounting plugin MediaPlayerEditor
LogPluginManager: Mounting plugin AutomationUtils
LogPluginManager: Mounting plugin BackChannel
LogPluginManager: Mounting plugin WebMMedia
LogPluginManager: Mounting plugin WmfMedia
LogPluginManager: Mounting plugin ChaosCloth
LogPluginManager: Mounting plugin ChaosClothEditor
LogPluginManager: Mounting plugin ChaosEditor
LogPluginManager: Mounting plugin ChaosNiagara
LogPluginManager: Mounting plugin ChaosSolverPlugin
LogPluginManager: Mounting plugin CharacterAI
LogPluginManager: Mounting plugin TcpMessaging
LogPluginManager: Mounting plugin ActorSequence
LogPluginManager: Mounting plugin UdpMessaging
LogPluginManager: Mounting plugin LevelSequenceEditor
LogPluginManager: Mounting plugin MatineeToLevelSequence
LogPluginManager: Mounting plugin TemplateSequence
LogPluginManager: Mounting plugin GeometryCache
LogPluginManager: Mounting plugin GeometryCollectionPlugin
LogPluginManager: Mounting plugin GeometryProcessing
LogPluginManager: Mounting plugin OpenImageDenoise
LogPluginManager: Mounting plugin MotoSynth
LogPluginManager: Mounting plugin OnlineSubsystem
LogPluginManager: Mounting plugin PlanarCut
LogPluginManager: Mounting plugin ProxyLODPlugin
LogPluginManager: Mounting plugin PlatformCrypto
LogPluginManager: Mounting plugin PythonScriptPlugin
LogPluginManager: Mounting plugin OnlineSubsystemNull
LogPluginManager: Mounting plugin LauncherChunkInstaller
LogPluginManager: Mounting plugin OnlineSubsystemUtils
LogPluginManager: Mounting plugin ActorLayerUtilities
LogPluginManager: Mounting plugin AndroidMoviePlayer
LogPluginManager: Mounting plugin AndroidDeviceProfileSelector
LogPluginManager: Mounting plugin AndroidPermission
LogPluginManager: Mounting plugin AppleMoviePlayer
LogPluginManager: Mounting plugin AppleImageUtils
LogPluginManager: Mounting plugin ArchVisCharacter
LogPluginManager: Mounting plugin AssetTags
LogPluginManager: Mounting plugin AudioCapture
LogPluginManager: Mounting plugin CableComponent
LogPluginManager: Mounting plugin AudioSynesthesia
LogPluginManager: Mounting plugin ChunkDownloader
LogPluginManager: Mounting plugin CustomMeshComponent
LogPluginManager: Mounting plugin EditableMesh
LogPluginManager: Mounting plugin ExampleDeviceProfileSelector
LogPluginManager: Mounting plugin SkeletalReduction
LogPluginManager: Mounting plugin ScreenshotTools
LogPluginManager: Mounting plugin GoogleCloudMessaging
LogPluginManager: Mounting plugin GooglePAD
LogPluginManager: Mounting plugin IOSDeviceProfileSelector
LogPluginManager: Mounting plugin LinuxDeviceProfileSelector
LogPluginManager: Mounting plugin LocationServicesBPLibrary
LogPluginManager: Mounting plugin MobilePatchingUtils
LogPluginManager: Mounting plugin OpenXR
LogPluginManager: Mounting plugin OpenXREyeTracker
LogPluginManager: Mounting plugin OpenXRHandTracking
LogPluginManager: Mounting plugin Takes
LogPluginManager: Mounting plugin PhysXVehicles
LogPluginManager: Mounting plugin PostSplashScreen
LogPluginManager: Mounting plugin ProceduralMeshComponent
LogPluginManager: Mounting plugin PropertyAccessEditor
LogPluginManager: Mounting plugin SignificanceManager
LogPluginManager: Mounting plugin RuntimePhysXCooking
LogPluginManager: Mounting plugin WebMMoviePlayer
LogPluginManager: Mounting plugin Synthesis
LogPluginManager: Mounting plugin SoundFields
LogPluginManager: Mounting plugin WindowsMoviePlayer
LogPluginManager: Mounting plugin ContentBrowserAssetDataSource
LogPluginManager: Mounting plugin ContentBrowserFileDataSource
LogPluginManager: Mounting plugin ContentBrowserClassDataSource
LogPluginManager: Mounting plugin OnlineSubsystemGooglePlay
LogPluginManager: Mounting plugin OnlineSubsystemIOS
LogPluginManager: Mounting plugin OculusVR
LogPluginManager: Mounting plugin SteamVR
PixWinPlugin: PIX capture plugin failed to initialize! Check that the process is launched from PIX.
LogInit: Using libcurl 7.55.1-DEV
LogInit:  - built for x86_64-pc-win32
LogInit:  - supports SSL with OpenSSL/1.1.1
LogInit:  - supports HTTP deflate (compression) using libz 1.2.8
LogInit:  - other features:
LogInit:      CURL_VERSION_SSL
LogInit:      CURL_VERSION_LIBZ
LogInit:      CURL_VERSION_IPV6
LogInit:      CURL_VERSION_ASYNCHDNS
LogInit:      CURL_VERSION_LARGEFILE
LogInit:      CURL_VERSION_IDN
LogInit:  CurlRequestOptions (configurable via config and command line):
LogInit:  - bVerifyPeer = true  - Libcurl will verify peer certificate
LogInit:  - bUseHttpProxy = false  - Libcurl will NOT use HTTP proxy
LogInit:  - bDontReuseConnections = false  - Libcurl will reuse connections
LogInit:  - MaxHostConnections = 16  - Libcurl will limit the number of connections to a host
LogInit:  - LocalHostAddr = Default
LogInit:  - BufferSize = 65536
LogOnline: OSS: Creating online subsystem instance for: NULL
LogInit: WinSock: version 1.1 (2.2), MaxSocks=32767, MaxUdp=65467
LogOnline: OSS: TryLoadSubsystemAndSetDefault: Loaded subsystem for module [NULL]
LogOculusPluginWrapper: OculusPlugin initialized successfully
LogHMD: Failed initializing OVRPlugin 1.59.0
LogInit: Build: ++UE4+Release-4.27-CL-17735300
LogInit: Engine Version: 4.27.1-17735300+++UE4+Release-4.27
LogInit: Compatible Engine Version: 4.27.0-17155196+++UE4+Release-4.27
LogInit: Net CL: 17155196
LogInit: OS: Windows 10 (Release 2009) (), CPU: Intel(R) Core(TM) i7-10700K CPU @ 3.80GHz, GPU: NVIDIA GeForce RTX 3070
LogInit: Compiled (64-bit): Oct  6 2021 14:42:51
LogInit: Compiled with Visual C++: 19.24.28315.00
LogInit: Build Configuration: Development
LogInit: Branch Name: ++UE4+Release-4.27
LogInit: Command Line: 
LogInit: Base Directory: C:/Program Files/Epic Games/UE_4.27/Engine/Binaries/Win64/
LogInit: Allocator: TBB
LogInit: Installed Engine Build: 1
LogDevObjectVersion: Number of dev versions registered: 29
LogDevObjectVersion:   Dev-Blueprints (B0D832E4-1F89-4F0D-ACCF-7EB736FD4AA2): 10
LogDevObjectVersion:   Dev-Build (E1C64328-A22C-4D53-A36C-8E866417BD8C): 0
LogDevObjectVersion:   Dev-Core (375EC13C-06E4-48FB-B500-84F0262A717E): 4
LogDevObjectVersion:   Dev-Editor (E4B068ED-F494-42E9-A231-DA0B2E46BB41): 40
LogDevObjectVersion:   Dev-Framework (CFFC743F-43B0-4480-9391-14DF171D2073): 37
LogDevObjectVersion:   Dev-Mobile (B02B49B5-BB20-44E9-A304-32B752E40360): 3
LogDevObjectVersion:   Dev-Networking (A4E4105C-59A1-49B5-A7C5-40C4547EDFEE): 0
LogDevObjectVersion:   Dev-Online (39C831C9-5AE6-47DC-9A44-9C173E1C8E7C): 0
LogDevObjectVersion:   Dev-Physics (78F01B33-EBEA-4F98-B9B4-84EACCB95AA2): 14
LogDevObjectVersion:   Dev-Platform (6631380F-2D4D-43E0-8009-CF276956A95A): 0
LogDevObjectVersion:   Dev-Rendering (12F88B9F-8875-4AFC-A67C-D90C383ABD29): 45
LogDevObjectVersion:   Dev-Sequencer (7B5AE74C-D270-4C10-A958-57980B212A5A): 13
LogDevObjectVersion:   Dev-VR (D7296918-1DD6-4BDD-9DE2-64A83CC13884): 3
LogDevObjectVersion:   Dev-LoadTimes (C2A15278-BFE7-4AFE-6C17-90FF531DF755): 1
LogDevObjectVersion:   Private-Geometry (6EACA3D4-40EC-4CC1-B786-8BED09428FC5): 3
LogDevObjectVersion:   Dev-AnimPhys (29E575DD-E0A3-4627-9D10-D276232CDCEA): 17
LogDevObjectVersion:   Dev-Anim (AF43A65D-7FD3-4947-9873-3E8ED9C1BB05): 15
LogDevObjectVersion:   Dev-ReflectionCapture (6B266CEC-1EC7-4B8F-A30B-E4D90942FC07): 1
LogDevObjectVersion:   Dev-Automation (0DF73D61-A23F-47EA-B727-89E90C41499A): 1
LogDevObjectVersion:   FortniteMain (601D1886-AC64-4F84-AA16-D3DE0DEAC7D6): 47
LogDevObjectVersion:   FortniteRelease (E7086368-6B23-4C58-8439-1B7016265E91): 1
LogDevObjectVersion:   Dev-Enterprise (9DFFBCD6-494F-0158-E221-12823C92A888): 10
LogDevObjectVersion:   Dev-Niagara (F2AED0AC-9AFE-416F-8664-AA7FFA26D6FC): 1
LogDevObjectVersion:   Dev-Destruction (174F1F0B-B4C6-45A5-B13F-2EE8D0FB917D): 10
LogDevObjectVersion:   Dev-Physics-Ext (35F94A83-E258-406C-A318-09F59610247C): 41
LogDevObjectVersion:   Dev-PhysicsMaterial-Chaos (B68FC16E-8B1B-42E2-B453-215C058844FE): 1
LogDevObjectVersion:   Dev-CineCamera (B2E18506-4273-CFC2-A54E-F4BB758BBA07): 1
LogDevObjectVersion:   Dev-VirtualProduction (64F58936-FD1B-42BA-BA96-7289D5D0FA4E): 1
LogDevObjectVersion:   Dev-MediaFramework (6F0ED827-A609-4895-9C91-998D90180EA4): 2
LogInit: Presizing for max 25165824 objects, including 0 objects not considered by GC, pre-allocating 0 bytes for permanent pool.
LogConfig: Applying CVar settings from Section [/Script/Engine.StreamingSettings] File [C:/Users/u1330176/Documents/Unreal Projects/TeaMates/TeaMates/Saved/Config/Windows/Engine.ini]
LogConfig: Setting CVar [[s.MinBulkDataSizeForAsyncLoading:131072]]
LogConfig: Setting CVar [[s.AsyncLoadingThreadEnabled:0]]
LogConfig: Setting CVar [[s.EventDrivenLoaderEnabled:1]]
LogConfig: Setting CVar [[s.WarnIfTimeLimitExceeded:0]]
LogConfig: Setting CVar [[s.TimeLimitExceededMultiplier:1.5]]
LogConfig: Setting CVar [[s.TimeLimitExceededMinTime:0.005]]
LogConfig: Setting CVar [[s.UseBackgroundLevelStreaming:1]]
LogConfig: Setting CVar [[s.PriorityAsyncLoadingExtraTime:15.0]]
LogConfig: Setting CVar [[s.LevelStreamingActorsUpdateTimeLimit:5.0]]
LogConfig: Setting CVar [[s.PriorityLevelStreamingActorsUpdateExtraTime:5.0]]
LogConfig: Setting CVar [[s.LevelStreamingComponentsRegistrationGranularity:10]]
LogConfig: Setting CVar [[s.UnregisterComponentsTimeLimit:1.0]]
LogConfig: Setting CVar [[s.LevelStreamingComponentsUnregistrationGranularity:5]]
LogConfig: Setting CVar [[s.FlushStreamingOnExit:1]]
LogInit: Object subsystem initialized
LogConfig: Setting CVar [[con.DebugEarlyDefault:1]]
LogConfig: Setting CVar [[r.setres:1280x720]]
[2021.11.22-23.41.13:030][  0]LogConfig: Setting CVar [[r.VSync:0]]
[2021.11.22-23.41.13:030][  0]LogConfig: Setting CVar [[r.RHICmdBypass:0]]
[2021.11.22-23.41.13:030][  0]LogConfig: Applying CVar settings from Section [/Script/Engine.RendererSettings] File [C:/Users/u1330176/Documents/Unreal Projects/TeaMates/TeaMates/Saved/Config/Windows/Engine.ini]
[2021.11.22-23.41.13:030][  0]LogConfig: Setting CVar [[r.GPUCrashDebugging:0]]
[2021.11.22-23.41.13:030][  0]LogConfig: Applying CVar settings from Section [/Script/Engine.RendererOverrideSettings] File [C:/Users/u1330176/Documents/Unreal Projects/TeaMates/TeaMates/Saved/Config/Windows/Engine.ini]
[2021.11.22-23.41.13:030][  0]LogConfig: Applying CVar settings from Section [/Script/Engine.StreamingSettings] File [C:/Users/u1330176/Documents/Unreal Projects/TeaMates/TeaMates/Saved/Config/Windows/Engine.ini]
[2021.11.22-23.41.13:030][  0]LogConfig: Setting CVar [[s.MinBulkDataSizeForAsyncLoading:131072]]
[2021.11.22-23.41.13:030][  0]LogConfig: Setting CVar [[s.AsyncLoadingThreadEnabled:0]]
[2021.11.22-23.41.13:030][  0]LogConfig: Setting CVar [[s.EventDrivenLoaderEnabled:1]]
[2021.11.22-23.41.13:030][  0]LogConfig: Setting CVar [[s.WarnIfTimeLimitExceeded:0]]
[2021.11.22-23.41.13:030][  0]LogConfig: Setting CVar [[s.TimeLimitExceededMultiplier:1.5]]
[2021.11.22-23.41.13:030][  0]LogConfig: Setting CVar [[s.TimeLimitExceededMinTime:0.005]]
[2021.11.22-23.41.13:030][  0]LogConfig: Setting CVar [[s.UseBackgroundLevelStreaming:1]]
[2021.11.22-23.41.13:030][  0]LogConfig: Setting CVar [[s.PriorityAsyncLoadingExtraTime:15.0]]
[2021.11.22-23.41.13:030][  0]LogConfig: Setting CVar [[s.LevelStreamingActorsUpdateTimeLimit:5.0]]
[2021.11.22-23.41.13:030][  0]LogConfig: Setting CVar [[s.PriorityLevelStreamingActorsUpdateExtraTime:5.0]]
[2021.11.22-23.41.13:030][  0]LogConfig: Setting CVar [[s.LevelStreamingComponentsRegistrationGranularity:10]]
[2021.11.22-23.41.13:030][  0]LogConfig: Setting CVar [[s.UnregisterComponentsTimeLimit:1.0]]
[2021.11.22-23.41.13:030][  0]LogConfig: Setting CVar [[s.LevelStreamingComponentsUnregistrationGranularity:5]]
[2021.11.22-23.41.13:030][  0]LogConfig: Setting CVar [[s.FlushStreamingOnExit:1]]
[2021.11.22-23.41.13:030][  0]LogConfig: Applying CVar settings from Section [/Script/Engine.GarbageCollectionSettings] File [C:/Users/u1330176/Documents/Unreal Projects/TeaMates/TeaMates/Saved/Config/Windows/Engine.ini]
[2021.11.22-23.41.13:030][  0]LogConfig: Setting CVar [[gc.MaxObjectsNotConsideredByGC:1]]
[2021.11.22-23.41.13:030][  0]LogConfig: Setting CVar [[gc.SizeOfPermanentObjectPool:0]]
[2021.11.22-23.41.13:030][  0]LogConfig: Setting CVar [[gc.FlushStreamingOnGC:0]]
[2021.11.22-23.41.13:030][  0]LogConfig: Setting CVar [[gc.NumRetriesBeforeForcingGC:10]]
[2021.11.22-23.41.13:030][  0]LogConfig: Setting CVar [[gc.AllowParallelGC:1]]
[2021.11.22-23.41.13:030][  0]LogConfig: Setting CVar [[gc.TimeBetweenPurgingPendingKillObjects:61.1]]
[2021.11.22-23.41.13:030][  0]LogConfig: Setting CVar [[gc.MaxObjectsInEditor:25165824]]
[2021.11.22-23.41.13:030][  0]LogConfig: Setting CVar [[gc.IncrementalBeginDestroyEnabled:1]]
[2021.11.22-23.41.13:030][  0]LogConfig: Setting CVar [[gc.CreateGCClusters:1]]
[2021.11.22-23.41.13:030][  0]LogConfig: Setting CVar [[gc.MinGCClusterSize:5]]
[2021.11.22-23.41.13:030][  0]LogConfig: Setting CVar [[gc.ActorClusteringEnabled:0]]
[2021.11.22-23.41.13:030][  0]LogConfig: Setting CVar [[gc.BlueprintClusteringEnabled:0]]
[2021.11.22-23.41.13:030][  0]LogConfig: Setting CVar [[gc.UseDisregardForGCOnDedicatedServers:0]]
[2021.11.22-23.41.13:030][  0]LogConfig: Setting CVar [[gc.MultithreadedDestructionEnabled:1]]
[2021.11.22-23.41.13:030][  0]LogConfig: Applying CVar settings from Section [/Script/Engine.NetworkSettings] File [C:/Users/u1330176/Documents/Unreal Projects/TeaMates/TeaMates/Saved/Config/Windows/Engine.ini]
[2021.11.22-23.41.13:030][  0]LogConfig: Applying CVar settings from Section [/Script/UnrealEd.CookerSettings] File [C:/Users/u1330176/Documents/Unreal Projects/TeaMates/TeaMates/Saved/Config/Windows/Engine.ini]
[2021.11.22-23.41.13:038][  0]LogConfig: Applying CVar settings from Section [ViewDistanceQuality@3] File [C:/Users/u1330176/Documents/Unreal Projects/TeaMates/TeaMates/Saved/Config/Windows/Scalability.ini]
[2021.11.22-23.41.13:038][  0]LogConfig: Setting CVar [[r.SkeletalMeshLODBias:0]]
[2021.11.22-23.41.13:038][  0]LogConfig: Setting CVar [[r.ViewDistanceScale:1.0]]
[2021.11.22-23.41.13:038][  0]LogConfig: Applying CVar settings from Section [AntiAliasingQuality@3] File [C:/Users/u1330176/Documents/Unreal Projects/TeaMates/TeaMates/Saved/Config/Windows/Scalability.ini]
[2021.11.22-23.41.13:038][  0]LogConfig: Setting CVar [[r.PostProcessAAQuality:4]]
[2021.11.22-23.41.13:038][  0]LogConfig: Applying CVar settings from Section [ShadowQuality@3] File [C:/Users/u1330176/Documents/Unreal Projects/TeaMates/TeaMates/Saved/Config/Windows/Scalability.ini]
[2021.11.22-23.41.13:038][  0]LogConfig: Setting CVar [[r.LightFunctionQuality:1]]
[2021.11.22-23.41.13:038][  0]LogConfig: Setting CVar [[r.ShadowQuality:5]]
[2021.11.22-23.41.13:038][  0]LogConfig: Setting CVar [[r.Shadow.CSM.MaxCascades:10]]
[2021.11.22-23.41.13:038][  0]LogConfig: Setting CVar [[r.Shadow.MaxResolution:2048]]
[2021.11.22-23.41.13:038][  0]LogConfig: Setting CVar [[r.Shadow.MaxCSMResolution:2048]]
[2021.11.22-23.41.13:038][  0]LogConfig: Setting CVar [[r.Shadow.RadiusThreshold:0.01]]
[2021.11.22-23.41.13:038][  0]LogConfig: Setting CVar [[r.Shadow.DistanceScale:1.0]]
[2021.11.22-23.41.13:038][  0]LogConfig: Setting CVar [[r.Shadow.CSM.TransitionScale:1.0]]
[2021.11.22-23.41.13:038][  0]LogConfig: Setting CVar [[r.Shadow.PreShadowResolutionFactor:1.0]]
[2021.11.22-23.41.13:038][  0]LogConfig: Setting CVar [[r.DistanceFieldShadowing:1]]
[2021.11.22-23.41.13:038][  0]LogConfig: Setting CVar [[r.DistanceFieldAO:1]]
[2021.11.22-23.41.13:038][  0]LogConfig: Setting CVar [[r.AOQuality:2]]
[2021.11.22-23.41.13:038][  0]LogConfig: Setting CVar [[r.VolumetricFog:1]]
[2021.11.22-23.41.13:038][  0]LogConfig: Setting CVar [[r.VolumetricFog.GridPixelSize:8]]
[2021.11.22-23.41.13:038][  0]LogConfig: Setting CVar [[r.VolumetricFog.GridSizeZ:128]]
[2021.11.22-23.41.13:038][  0]LogConfig: Setting CVar [[r.VolumetricFog.HistoryMissSupersampleCount:4]]
[2021.11.22-23.41.13:038][  0]LogConfig: Setting CVar [[r.LightMaxDrawDistanceScale:1]]
[2021.11.22-23.41.13:038][  0]LogConfig: Setting CVar [[r.CapsuleShadows:1]]
[2021.11.22-23.41.13:038][  0]LogConfig: Applying CVar settings from Section [PostProcessQuality@3] File [C:/Users/u1330176/Documents/Unreal Projects/TeaMates/TeaMates/Saved/Config/Windows/Scalability.ini]
[2021.11.22-23.41.13:038][  0]LogConfig: Setting CVar [[r.MotionBlurQuality:4]]
[2021.11.22-23.41.13:038][  0]LogConfig: Setting CVar [[r.AmbientOcclusionMipLevelFactor:0.4]]
[2021.11.22-23.41.13:038][  0]LogConfig: Setting CVar [[r.AmbientOcclusionMaxQuality:100]]
[2021.11.22-23.41.13:038][  0]LogConfig: Setting CVar [[r.AmbientOcclusionLevels:-1]]
[2021.11.22-23.41.13:038][  0]LogConfig: Setting CVar [[r.AmbientOcclusionRadiusScale:1.0]]
[2021.11.22-23.41.13:038][  0]LogConfig: Setting CVar [[r.DepthOfFieldQuality:2]]
[2021.11.22-23.41.13:038][  0]LogConfig: Setting CVar [[r.RenderTargetPoolMin:400]]
[2021.11.22-23.41.13:038][  0]LogConfig: Setting CVar [[r.LensFlareQuality:2]]
[2021.11.22-23.41.13:038][  0]LogConfig: Setting CVar [[r.SceneColorFringeQuality:1]]
[2021.11.22-23.41.13:038][  0]LogConfig: Setting CVar [[r.EyeAdaptationQuality:2]]
[2021.11.22-23.41.13:038][  0]LogConfig: Setting CVar [[r.BloomQuality:5]]
[2021.11.22-23.41.13:038][  0]LogConfig: Setting CVar [[r.FastBlurThreshold:100]]
[2021.11.22-23.41.13:038][  0]LogConfig: Setting CVar [[r.Upscale.Quality:3]]
[2021.11.22-23.41.13:038][  0]LogConfig: Setting CVar [[r.Tonemapper.GrainQuantization:1]]
[2021.11.22-23.41.13:038][  0]LogConfig: Setting CVar [[r.LightShaftQuality:1]]
[2021.11.22-23.41.13:038][  0]LogConfig: Setting CVar [[r.Filter.SizeScale:1]]
[2021.11.22-23.41.13:038][  0]LogConfig: Setting CVar [[r.Tonemapper.Quality:5]]
[2021.11.22-23.41.13:038][  0]LogConfig: Setting CVar [[r.DOF.Gather.AccumulatorQuality:1        ; higher gathering accumulator quality]]
[2021.11.22-23.41.13:038][  0]LogConfig: Setting CVar [[r.DOF.Gather.PostfilterMethod:1          ; Median3x3 postfilering method]]
[2021.11.22-23.41.13:038][  0]LogConfig: Setting CVar [[r.DOF.Gather.EnableBokehSettings:0       ; no bokeh simulation when gathering]]
[2021.11.22-23.41.13:038][  0]LogConfig: Setting CVar [[r.DOF.Gather.RingCount:4                 ; medium number of samples when gathering]]
[2021.11.22-23.41.13:038][  0]LogConfig: Setting CVar [[r.DOF.Scatter.ForegroundCompositing:1    ; additive foreground scattering]]
[2021.11.22-23.41.13:038][  0]LogConfig: Setting CVar [[r.DOF.Scatter.BackgroundCompositing:2    ; additive background scattering]]
[2021.11.22-23.41.13:038][  0]LogConfig: Setting CVar [[r.DOF.Scatter.EnableBokehSettings:1      ; bokeh simulation when scattering]]
[2021.11.22-23.41.13:038][  0]LogConfig: Setting CVar [[r.DOF.Scatter.MaxSpriteRatio:0.1         ; only a maximum of 10% of scattered bokeh]]
[2021.11.22-23.41.13:038][  0]LogConfig: Setting CVar [[r.DOF.Recombine.Quality:1                ; cheap slight out of focus]]
[2021.11.22-23.41.13:038][  0]LogConfig: Setting CVar [[r.DOF.Recombine.EnableBokehSettings:0    ; no bokeh simulation on slight out of focus]]
[2021.11.22-23.41.13:038][  0]LogConfig: Setting CVar [[r.DOF.TemporalAAQuality:1                ; more stable temporal accumulation]]
[2021.11.22-23.41.13:038][  0]LogConfig: Setting CVar [[r.DOF.Kernel.MaxForegroundRadius:0.025]]
[2021.11.22-23.41.13:038][  0]LogConfig: Setting CVar [[r.DOF.Kernel.MaxBackgroundRadius:0.025]]
[2021.11.22-23.41.13:038][  0]LogConfig: Applying CVar settings from Section [TextureQuality@3] File [C:/Users/u1330176/Documents/Unreal Projects/TeaMates/TeaMates/Saved/Config/Windows/Scalability.ini]
[2021.11.22-23.41.13:038][  0]LogConfig: Setting CVar [[r.Streaming.MipBias:0]]
[2021.11.22-23.41.13:038][  0]LogConfig: Setting CVar [[r.Streaming.AmortizeCPUToGPUCopy:0]]
[2021.11.22-23.41.13:038][  0]LogConfig: Setting CVar [[r.Streaming.MaxNumTexturesToStreamPerFrame:0]]
[2021.11.22-23.41.13:038][  0]LogConfig: Setting CVar [[r.Streaming.Boost:1]]
[2021.11.22-23.41.13:038][  0]LogConfig: Setting CVar [[r.MaxAnisotropy:8]]
[2021.11.22-23.41.13:038][  0]LogConfig: Setting CVar [[r.VT.MaxAnisotropy:8]]
[2021.11.22-23.41.13:038][  0]LogConfig: Setting CVar [[r.Streaming.LimitPoolSizeToVRAM:0]]
[2021.11.22-23.41.13:039][  0]LogConfig: Setting CVar [[r.Streaming.PoolSize:1000]]
[2021.11.22-23.41.13:039][  0]LogConfig: Setting CVar [[r.Streaming.MaxEffectiveScreenSize:0]]
[2021.11.22-23.41.13:039][  0]LogConfig: Applying CVar settings from Section [EffectsQuality@3] File [C:/Users/u1330176/Documents/Unreal Projects/TeaMates/TeaMates/Saved/Config/Windows/Scalability.ini]
[2021.11.22-23.41.13:039][  0]LogConfig: Setting CVar [[r.TranslucencyLightingVolumeDim:64]]
[2021.11.22-23.41.13:039][  0]LogConfig: Setting CVar [[r.RefractionQuality:2]]
[2021.11.22-23.41.13:039][  0]LogConfig: Setting CVar [[r.SSR.Quality:3]]
[2021.11.22-23.41.13:039][  0]LogConfig: Setting CVar [[r.SSR.HalfResSceneColor:0]]
[2021.11.22-23.41.13:039][  0]LogConfig: Setting CVar [[r.SceneColorFormat:4]]
[2021.11.22-23.41.13:039][  0]LogConfig: Setting CVar [[r.DetailMode:2]]
[2021.11.22-23.41.13:039][  0]LogConfig: Setting CVar [[r.TranslucencyVolumeBlur:1]]
[2021.11.22-23.41.13:039][  0]LogConfig: Setting CVar [[r.MaterialQualityLevel:1 ; High quality]]
[2021.11.22-23.41.13:039][  0]LogConfig: Setting CVar [[r.AnisotropicMaterials:1]]
[2021.11.22-23.41.13:039][  0]LogConfig: Setting CVar [[r.SSS.Scale:1]]
[2021.11.22-23.41.13:039][  0]LogConfig: Setting CVar [[r.SSS.SampleSet:2]]
[2021.11.22-23.41.13:039][  0]LogConfig: Setting CVar [[r.SSS.Quality:1]]
[2021.11.22-23.41.13:039][  0]LogConfig: Setting CVar [[r.SSS.HalfRes:0]]
[2021.11.22-23.41.13:039][  0]LogConfig: Setting CVar [[r.SSGI.Quality:3]]
[2021.11.22-23.41.13:039][  0]LogConfig: Setting CVar [[r.EmitterSpawnRateScale:1.0]]
[2021.11.22-23.41.13:039][  0]LogConfig: Setting CVar [[r.ParticleLightQuality:2]]
[2021.11.22-23.41.13:039][  0]LogConfig: Setting CVar [[r.SkyAtmosphere.AerialPerspectiveLUT.FastApplyOnOpaque:1 ; Always have FastSkyLUT 1 in this case to avoid wrong sky]]
[2021.11.22-23.41.13:039][  0]LogConfig: Setting CVar [[r.SkyAtmosphere.AerialPerspectiveLUT.SampleCountMaxPerSlice:4]]
[2021.11.22-23.41.13:039][  0]LogConfig: Setting CVar [[r.SkyAtmosphere.AerialPerspectiveLUT.DepthResolution:16.0]]
[2021.11.22-23.41.13:039][  0]LogConfig: Setting CVar [[r.SkyAtmosphere.FastSkyLUT:1]]
[2021.11.22-23.41.13:039][  0]LogConfig: Setting CVar [[r.SkyAtmosphere.FastSkyLUT.SampleCountMin:4.0]]
[2021.11.22-23.41.13:039][  0]LogConfig: Setting CVar [[r.SkyAtmosphere.FastSkyLUT.SampleCountMax:128.0]]
[2021.11.22-23.41.13:039][  0]LogConfig: Setting CVar [[r.SkyAtmosphere.SampleCountMin:4.0]]
[2021.11.22-23.41.13:039][  0]LogConfig: Setting CVar [[r.SkyAtmosphere.SampleCountMax:128.0]]
[2021.11.22-23.41.13:039][  0]LogConfig: Setting CVar [[r.SkyAtmosphere.TransmittanceLUT.UseSmallFormat:0]]
[2021.11.22-23.41.13:039][  0]LogConfig: Setting CVar [[r.SkyAtmosphere.TransmittanceLUT.SampleCount:10.0]]
[2021.11.22-23.41.13:039][  0]LogConfig: Setting CVar [[r.SkyAtmosphere.MultiScatteringLUT.SampleCount:15.0]]
[2021.11.22-23.41.13:039][  0]LogConfig: Setting CVar [[r.SkyLight.RealTimeReflectionCapture:1]]
[2021.11.22-23.41.13:039][  0]LogConfig: Applying CVar settings from Section [FoliageQuality@3] File [C:/Users/u1330176/Documents/Unreal Projects/TeaMates/TeaMates/Saved/Config/Windows/Scalability.ini]
[2021.11.22-23.41.13:039][  0]LogConfig: Setting CVar [[foliage.DensityScale:1.0]]
[2021.11.22-23.41.13:039][  0]LogConfig: Setting CVar [[grass.DensityScale:1.0]]
[2021.11.22-23.41.13:039][  0]LogConfig: Applying CVar settings from Section [ShadingQuality@3] File [C:/Users/u1330176/Documents/Unreal Projects/TeaMates/TeaMates/Saved/Config/Windows/Scalability.ini]
[2021.11.22-23.41.13:039][  0]LogConfig: Setting CVar [[r.HairStrands.SkyLighting.IntegrationType:2]]
[2021.11.22-23.41.13:039][  0]LogConfig: Setting CVar [[r.HairStrands.SkyAO.SampleCount:4]]
[2021.11.22-23.41.13:039][  0]LogConfig: Setting CVar [[r.HairStrands.Visibility.MSAA.SamplePerPixel:4]]
[2021.11.22-23.41.13:039][  0]LogInit: Selected Device Profile: [Windows]
[2021.11.22-23.41.13:039][  0]LogInit: Applying CVar settings loaded from the selected device profile: [Windows]
[2021.11.22-23.41.13:039][  0]LogHAL: Display: Platform has ~ 32 GB [34185322496 / 34359738368 / 32], which maps to Largest [LargestMinGB=32, LargerMinGB=12, DefaultMinGB=8, SmallerMinGB=6, SmallestMinGB=0)
[2021.11.22-23.41.13:039][  0]LogInit: Going up to parent DeviceProfile []
[2021.11.22-23.41.13:039][  0]LogConfig: Applying CVar settings from Section [ViewDistanceQuality@3] File [C:/Users/u1330176/Documents/Unreal Projects/TeaMates/TeaMates/Saved/Config/Windows/Scalability.ini]
[2021.11.22-23.41.13:039][  0]LogConfig: Setting CVar [[r.SkeletalMeshLODBias:0]]
[2021.11.22-23.41.13:039][  0]LogConfig: Setting CVar [[r.ViewDistanceScale:1.0]]
[2021.11.22-23.41.13:039][  0]LogConfig: Applying CVar settings from Section [AntiAliasingQuality@3] File [C:/Users/u1330176/Documents/Unreal Projects/TeaMates/TeaMates/Saved/Config/Windows/Scalability.ini]
[2021.11.22-23.41.13:039][  0]LogConfig: Setting CVar [[r.PostProcessAAQuality:4]]
[2021.11.22-23.41.13:039][  0]LogConfig: Applying CVar settings from Section [ShadowQuality@3] File [C:/Users/u1330176/Documents/Unreal Projects/TeaMates/TeaMates/Saved/Config/Windows/Scalability.ini]
[2021.11.22-23.41.13:039][  0]LogConfig: Setting CVar [[r.LightFunctionQuality:1]]
[2021.11.22-23.41.13:039][  0]LogConfig: Setting CVar [[r.ShadowQuality:5]]
[2021.11.22-23.41.13:039][  0]LogConfig: Setting CVar [[r.Shadow.CSM.MaxCascades:10]]
[2021.11.22-23.41.13:039][  0]LogConfig: Setting CVar [[r.Shadow.MaxResolution:2048]]
[2021.11.22-23.41.13:039][  0]LogConfig: Setting CVar [[r.Shadow.MaxCSMResolution:2048]]
[2021.11.22-23.41.13:039][  0]LogConfig: Setting CVar [[r.Shadow.RadiusThreshold:0.01]]
[2021.11.22-23.41.13:039][  0]LogConfig: Setting CVar [[r.Shadow.DistanceScale:1.0]]
[2021.11.22-23.41.13:039][  0]LogConfig: Setting CVar [[r.Shadow.CSM.TransitionScale:1.0]]
[2021.11.22-23.41.13:039][  0]LogConfig: Setting CVar [[r.Shadow.PreShadowResolutionFactor:1.0]]
[2021.11.22-23.41.13:039][  0]LogConfig: Setting CVar [[r.DistanceFieldShadowing:1]]
[2021.11.22-23.41.13:039][  0]LogConfig: Setting CVar [[r.DistanceFieldAO:1]]
[2021.11.22-23.41.13:039][  0]LogConfig: Setting CVar [[r.AOQuality:2]]
[2021.11.22-23.41.13:039][  0]LogConfig: Setting CVar [[r.VolumetricFog:1]]
[2021.11.22-23.41.13:039][  0]LogConfig: Setting CVar [[r.VolumetricFog.GridPixelSize:8]]
[2021.11.22-23.41.13:039][  0]LogConfig: Setting CVar [[r.VolumetricFog.GridSizeZ:128]]
[2021.11.22-23.41.13:039][  0]LogConfig: Setting CVar [[r.VolumetricFog.HistoryMissSupersampleCount:4]]
[2021.11.22-23.41.13:039][  0]LogConfig: Setting CVar [[r.LightMaxDrawDistanceScale:1]]
[2021.11.22-23.41.13:039][  0]LogConfig: Setting CVar [[r.CapsuleShadows:1]]
[2021.11.22-23.41.13:039][  0]LogConfig: Applying CVar settings from Section [PostProcessQuality@3] File [C:/Users/u1330176/Documents/Unreal Projects/TeaMates/TeaMates/Saved/Config/Windows/Scalability.ini]
[2021.11.22-23.41.13:039][  0]LogConfig: Setting CVar [[r.MotionBlurQuality:4]]
[2021.11.22-23.41.13:039][  0]LogConfig: Setting CVar [[r.AmbientOcclusionMipLevelFactor:0.4]]
[2021.11.22-23.41.13:039][  0]LogConfig: Setting CVar [[r.AmbientOcclusionMaxQuality:100]]
[2021.11.22-23.41.13:039][  0]LogConfig: Setting CVar [[r.AmbientOcclusionLevels:-1]]
[2021.11.22-23.41.13:039][  0]LogConfig: Setting CVar [[r.AmbientOcclusionRadiusScale:1.0]]
[2021.11.22-23.41.13:039][  0]LogConfig: Setting CVar [[r.DepthOfFieldQuality:2]]
[2021.11.22-23.41.13:039][  0]LogConfig: Setting CVar [[r.RenderTargetPoolMin:400]]
[2021.11.22-23.41.13:039][  0]LogConfig: Setting CVar [[r.LensFlareQuality:2]]
[2021.11.22-23.41.13:039][  0]LogConfig: Setting CVar [[r.SceneColorFringeQuality:1]]
[2021.11.22-23.41.13:039][  0]LogConfig: Setting CVar [[r.EyeAdaptationQuality:2]]
[2021.11.22-23.41.13:039][  0]LogConfig: Setting CVar [[r.BloomQuality:5]]
[2021.11.22-23.41.13:039][  0]LogConfig: Setting CVar [[r.FastBlurThreshold:100]]
[2021.11.22-23.41.13:039][  0]LogConfig: Setting CVar [[r.Upscale.Quality:3]]
[2021.11.22-23.41.13:039][  0]LogConfig: Setting CVar [[r.Tonemapper.GrainQuantization:1]]
[2021.11.22-23.41.13:039][  0]LogConfig: Setting CVar [[r.LightShaftQuality:1]]
[2021.11.22-23.41.13:039][  0]LogConfig: Setting CVar [[r.Filter.SizeScale:1]]
[2021.11.22-23.41.13:039][  0]LogConfig: Setting CVar [[r.Tonemapper.Quality:5]]
[2021.11.22-23.41.13:039][  0]LogConfig: Setting CVar [[r.DOF.Gather.AccumulatorQuality:1        ; higher gathering accumulator quality]]
[2021.11.22-23.41.13:039][  0]LogConfig: Setting CVar [[r.DOF.Gather.PostfilterMethod:1          ; Median3x3 postfilering method]]
[2021.11.22-23.41.13:039][  0]LogConfig: Setting CVar [[r.DOF.Gather.EnableBokehSettings:0       ; no bokeh simulation when gathering]]
[2021.11.22-23.41.13:039][  0]LogConfig: Setting CVar [[r.DOF.Gather.RingCount:4                 ; medium number of samples when gathering]]
[2021.11.22-23.41.13:039][  0]LogConfig: Setting CVar [[r.DOF.Scatter.ForegroundCompositing:1    ; additive foreground scattering]]
[2021.11.22-23.41.13:039][  0]LogConfig: Setting CVar [[r.DOF.Scatter.BackgroundCompositing:2    ; additive background scattering]]
[2021.11.22-23.41.13:039][  0]LogConfig: Setting CVar [[r.DOF.Scatter.EnableBokehSettings:1      ; bokeh simulation when scattering]]
[2021.11.22-23.41.13:039][  0]LogConfig: Setting CVar [[r.DOF.Scatter.MaxSpriteRatio:0.1         ; only a maximum of 10% of scattered bokeh]]
[2021.11.22-23.41.13:039][  0]LogConfig: Setting CVar [[r.DOF.Recombine.Quality:1                ; cheap slight out of focus]]
[2021.11.22-23.41.13:039][  0]LogConfig: Setting CVar [[r.DOF.Recombine.EnableBokehSettings:0    ; no bokeh simulation on slight out of focus]]
[2021.11.22-23.41.13:040][  0]LogConfig: Setting CVar [[r.DOF.TemporalAAQuality:1                ; more stable temporal accumulation]]
[2021.11.22-23.41.13:040][  0]LogConfig: Setting CVar [[r.DOF.Kernel.MaxForegroundRadius:0.025]]
[2021.11.22-23.41.13:040][  0]LogConfig: Setting CVar [[r.DOF.Kernel.MaxBackgroundRadius:0.025]]
[2021.11.22-23.41.13:040][  0]LogConfig: Applying CVar settings from Section [TextureQuality@3] File [C:/Users/u1330176/Documents/Unreal Projects/TeaMates/TeaMates/Saved/Config/Windows/Scalability.ini]
[2021.11.22-23.41.13:040][  0]LogConfig: Setting CVar [[r.Streaming.MipBias:0]]
[2021.11.22-23.41.13:040][  0]LogConfig: Setting CVar [[r.Streaming.AmortizeCPUToGPUCopy:0]]
[2021.11.22-23.41.13:040][  0]LogConfig: Setting CVar [[r.Streaming.MaxNumTexturesToStreamPerFrame:0]]
[2021.11.22-23.41.13:040][  0]LogConfig: Setting CVar [[r.Streaming.Boost:1]]
[2021.11.22-23.41.13:040][  0]LogConfig: Setting CVar [[r.MaxAnisotropy:8]]
[2021.11.22-23.41.13:040][  0]LogConfig: Setting CVar [[r.VT.MaxAnisotropy:8]]
[2021.11.22-23.41.13:040][  0]LogConfig: Setting CVar [[r.Streaming.LimitPoolSizeToVRAM:0]]
[2021.11.22-23.41.13:040][  0]LogConfig: Setting CVar [[r.Streaming.PoolSize:1000]]
[2021.11.22-23.41.13:040][  0]LogConfig: Setting CVar [[r.Streaming.MaxEffectiveScreenSize:0]]
[2021.11.22-23.41.13:040][  0]LogConfig: Applying CVar settings from Section [EffectsQuality@3] File [C:/Users/u1330176/Documents/Unreal Projects/TeaMates/TeaMates/Saved/Config/Windows/Scalability.ini]
[2021.11.22-23.41.13:040][  0]LogConfig: Setting CVar [[r.TranslucencyLightingVolumeDim:64]]
[2021.11.22-23.41.13:040][  0]LogConfig: Setting CVar [[r.RefractionQuality:2]]
[2021.11.22-23.41.13:040][  0]LogConfig: Setting CVar [[r.SSR.Quality:3]]
[2021.11.22-23.41.13:040][  0]LogConfig: Setting CVar [[r.SSR.HalfResSceneColor:0]]
[2021.11.22-23.41.13:040][  0]LogConfig: Setting CVar [[r.SceneColorFormat:4]]
[2021.11.22-23.41.13:040][  0]LogConfig: Setting CVar [[r.DetailMode:2]]
[2021.11.22-23.41.13:040][  0]LogConfig: Setting CVar [[r.TranslucencyVolumeBlur:1]]
[2021.11.22-23.41.13:040][  0]LogConfig: Setting CVar [[r.MaterialQualityLevel:1 ; High quality]]
[2021.11.22-23.41.13:040][  0]LogConfig: Setting CVar [[r.AnisotropicMaterials:1]]
[2021.11.22-23.41.13:040][  0]LogConfig: Setting CVar [[r.SSS.Scale:1]]
[2021.11.22-23.41.13:040][  0]LogConfig: Setting CVar [[r.SSS.SampleSet:2]]
[2021.11.22-23.41.13:040][  0]LogConfig: Setting CVar [[r.SSS.Quality:1]]
[2021.11.22-23.41.13:040][  0]LogConfig: Setting CVar [[r.SSS.HalfRes:0]]
[2021.11.22-23.41.13:040][  0]LogConfig: Setting CVar [[r.SSGI.Quality:3]]
[2021.11.22-23.41.13:040][  0]LogConfig: Setting CVar [[r.EmitterSpawnRateScale:1.0]]
[2021.11.22-23.41.13:040][  0]LogConfig: Setting CVar [[r.ParticleLightQuality:2]]
[2021.11.22-23.41.13:040][  0]LogConfig: Setting CVar [[r.SkyAtmosphere.AerialPerspectiveLUT.FastApplyOnOpaque:1 ; Always have FastSkyLUT 1 in this case to avoid wrong sky]]
[2021.11.22-23.41.13:040][  0]LogConfig: Setting CVar [[r.SkyAtmosphere.AerialPerspectiveLUT.SampleCountMaxPerSlice:4]]
[2021.11.22-23.41.13:040][  0]LogConfig: Setting CVar [[r.SkyAtmosphere.AerialPerspectiveLUT.DepthResolution:16.0]]
[2021.11.22-23.41.13:040][  0]LogConfig: Setting CVar [[r.SkyAtmosphere.FastSkyLUT:1]]
[2021.11.22-23.41.13:040][  0]LogConfig: Setting CVar [[r.SkyAtmosphere.FastSkyLUT.SampleCountMin:4.0]]
[2021.11.22-23.41.13:040][  0]LogConfig: Setting CVar [[r.SkyAtmosphere.FastSkyLUT.SampleCountMax:128.0]]
[2021.11.22-23.41.13:040][  0]LogConfig: Setting CVar [[r.SkyAtmosphere.SampleCountMin:4.0]]
[2021.11.22-23.41.13:040][  0]LogConfig: Setting CVar [[r.SkyAtmosphere.SampleCountMax:128.0]]
[2021.11.22-23.41.13:040][  0]LogConfig: Setting CVar [[r.SkyAtmosphere.TransmittanceLUT.UseSmallFormat:0]]
[2021.11.22-23.41.13:040][  0]LogConfig: Setting CVar [[r.SkyAtmosphere.TransmittanceLUT.SampleCount:10.0]]
[2021.11.22-23.41.13:040][  0]LogConfig: Setting CVar [[r.SkyAtmosphere.MultiScatteringLUT.SampleCount:15.0]]
[2021.11.22-23.41.13:040][  0]LogConfig: Setting CVar [[r.SkyLight.RealTimeReflectionCapture:1]]
[2021.11.22-23.41.13:040][  0]LogConfig: Applying CVar settings from Section [FoliageQuality@3] File [C:/Users/u1330176/Documents/Unreal Projects/TeaMates/TeaMates/Saved/Config/Windows/Scalability.ini]
[2021.11.22-23.41.13:040][  0]LogConfig: Setting CVar [[foliage.DensityScale:1.0]]
[2021.11.22-23.41.13:040][  0]LogConfig: Setting CVar [[grass.DensityScale:1.0]]
[2021.11.22-23.41.13:040][  0]LogConfig: Applying CVar settings from Section [ShadingQuality@3] File [C:/Users/u1330176/Documents/Unreal Projects/TeaMates/TeaMates/Saved/Config/Windows/Scalability.ini]
[2021.11.22-23.41.13:040][  0]LogConfig: Setting CVar [[r.HairStrands.SkyLighting.IntegrationType:2]]
[2021.11.22-23.41.13:040][  0]LogConfig: Setting CVar [[r.HairStrands.SkyAO.SampleCount:4]]
[2021.11.22-23.41.13:040][  0]LogConfig: Setting CVar [[r.HairStrands.Visibility.MSAA.SamplePerPixel:4]]
[2021.11.22-23.41.13:040][  0]LogConfig: Applying CVar settings from Section [Startup] File [../../../Engine/Config/ConsoleVariables.ini]
[2021.11.22-23.41.13:040][  0]LogConfig: Setting CVar [[net.UseAdaptiveNetUpdateFrequency:0]]
[2021.11.22-23.41.13:040][  0]LogConfig: Setting CVar [[p.chaos.AllowCreatePhysxBodies:1]]
[2021.11.22-23.41.13:040][  0]LogConfig: Setting CVar [[fx.SkipVectorVMBackendOptimizations:1]]
[2021.11.22-23.41.13:040][  0]LogConfig: Applying CVar settings from Section [ConsoleVariables] File [C:/Users/u1330176/Documents/Unreal Projects/TeaMates/TeaMates/Saved/Config/Windows/Engine.ini]
[2021.11.22-23.41.13:040][  0]LogConfig: Applying CVar settings from Section [ConsoleVariables] File [C:/Users/u1330176/Documents/Unreal Projects/TeaMates/TeaMates/Saved/Config/Windows/Editor.ini]
[2021.11.22-23.41.13:040][  0]LogInit: Computer: eae-z490-138
[2021.11.22-23.41.13:040][  0]LogInit: User: u1330176
[2021.11.22-23.41.13:040][  0]LogInit: CPU Page size=4096, Cores=8
[2021.11.22-23.41.13:040][  0]LogInit: High frequency timer resolution =10.000000 MHz
[2021.11.22-23.41.13:040][  0]LogMemory: Memory total: Physical=31.8GB (32GB approx)
[2021.11.22-23.41.13:041][  0]LogMemory: Platform Memory Stats for Windows
[2021.11.22-23.41.13:041][  0]LogMemory: Process Physical Memory: 146.84 MB used, 146.85 MB peak
[2021.11.22-23.41.13:041][  0]LogMemory: Process Virtual Memory: 131.16 MB used, 131.16 MB peak
[2021.11.22-23.41.13:041][  0]LogMemory: Physical Memory: 6214.22 MB used,  26387.44 MB free, 32601.66 MB total
[2021.11.22-23.41.13:041][  0]LogMemory: Virtual Memory: 134161784.00 MB used,  55944.88 MB free, 134217728.00 MB total
[2021.11.22-23.41.13:044][  0]LogWindows: WindowsPlatformFeatures enabled
[2021.11.22-23.41.13:069][  0]LogInit: Physics initialised using underlying interface: PhysX
[2021.11.22-23.41.13:070][  0]LogInit: Using OS detected language (en-US).
[2021.11.22-23.41.13:070][  0]LogInit: Using OS detected locale (en-US).
[2021.11.22-23.41.13:073][  0]LogTextLocalizationManager: No specific localization for 'en-US' exists, so the 'en' localization will be used.
[2021.11.22-23.41.13:202][  0]LogInit: Setting process to per monitor DPI aware
[2021.11.22-23.41.13:210][  0]LogWindowsTextInputMethodSystem: Display: IME system deactivated.
[2021.11.22-23.41.13:221][  0]LogSlate: New Slate User Created.  User Index 0, Is Virtual User: 0
[2021.11.22-23.41.13:221][  0]LogSlate: Slate User Registered.  User Index 0, Is Virtual User: 0
[2021.11.22-23.41.13:313][  0]LogD3D11RHI: Loaded GFSDK_Aftermath_Lib.x64.dll
[2021.11.22-23.41.13:315][  0]LogHMD: Failed to initialize OpenVR with code 110
[2021.11.22-23.41.13:315][  0]LogD3D11RHI: D3D11 min allowed feature level: 11_0
[2021.11.22-23.41.13:315][  0]LogD3D11RHI: D3D11 max allowed feature level: 11_0
[2021.11.22-23.41.13:315][  0]LogD3D11RHI: D3D11 adapters:
[2021.11.22-23.41.13:395][  0]LogD3D11RHI:    0. 'NVIDIA GeForce RTX 3070' (Feature Level 11_0)
[2021.11.22-23.41.13:395][  0]LogD3D11RHI:       8043/0/16300 MB DedicatedVideo/DedicatedSystem/SharedSystem, Outputs:2, VendorId:0x10de
[2021.11.22-23.41.13:423][  0]LogD3D11RHI:    1. 'Intel(R) UHD Graphics 630' (Feature Level 11_0)
[2021.11.22-23.41.13:423][  0]LogD3D11RHI:       128/0/16300 MB DedicatedVideo/DedicatedSystem/SharedSystem, Outputs:0, VendorId:0x8086
[2021.11.22-23.41.13:424][  0]LogD3D11RHI:    2. 'Microsoft Basic Render Driver' (Feature Level 11_0)
[2021.11.22-23.41.13:424][  0]LogD3D11RHI:       0/0/16300 MB DedicatedVideo/DedicatedSystem/SharedSystem, Outputs:0, VendorId:0x1414
[2021.11.22-23.41.13:424][  0]LogD3D11RHI: Chosen D3D11 Adapter:
[2021.11.22-23.41.13:424][  0]LogD3D11RHI:     Description : NVIDIA GeForce RTX 3070
[2021.11.22-23.41.13:424][  0]LogD3D11RHI:     VendorId    : 10de
[2021.11.22-23.41.13:424][  0]LogD3D11RHI:     DeviceId    : 2484
[2021.11.22-23.41.13:424][  0]LogD3D11RHI:     SubSysId    : 39091462
[2021.11.22-23.41.13:424][  0]LogD3D11RHI:     Revision    : 00a1
[2021.11.22-23.41.13:424][  0]LogD3D11RHI:     DedicatedVideoMemory : 8433696768 bytes
[2021.11.22-23.41.13:424][  0]LogD3D11RHI:     DedicatedSystemMemory : 0 bytes
[2021.11.22-23.41.13:424][  0]LogD3D11RHI:     SharedSystemMemory : 17092661248 bytes
[2021.11.22-23.41.13:424][  0]LogD3D11RHI:     AdapterLuid : 0 60841
[2021.11.22-23.41.13:428][  0]LogD3D11RHI: Creating new Direct3DDevice
[2021.11.22-23.41.13:428][  0]LogD3D11RHI:     GPU DeviceId: 0x2484 (for the marketing name, search the web for "GPU Device Id")
[2021.11.22-23.41.13:428][  0]LogWindows: EnumDisplayDevices:
[2021.11.22-23.41.13:428][  0]LogWindows:    0. 'NVIDIA GeForce RTX 3070' (P:1 D:1)
[2021.11.22-23.41.13:428][  0]LogWindows:    1. 'NVIDIA GeForce RTX 3070' (P:0 D:1)
[2021.11.22-23.41.13:428][  0]LogWindows:    2. 'NVIDIA GeForce RTX 3070' (P:0 D:0)
[2021.11.22-23.41.13:428][  0]LogWindows:    3. 'NVIDIA GeForce RTX 3070' (P:0 D:0)
[2021.11.22-23.41.13:429][  0]LogWindows:    4. 'Intel(R) UHD Graphics 630' (P:0 D:0)
[2021.11.22-23.41.13:429][  0]LogWindows:    5. 'Intel(R) UHD Graphics 630' (P:0 D:0)
[2021.11.22-23.41.13:429][  0]LogWindows:    6. 'Intel(R) UHD Graphics 630' (P:0 D:0)
[2021.11.22-23.41.13:429][  0]LogWindows: DebugString: PrimaryIsNotTheChoosenAdapter PrimaryIsNotTheChoosenAdapter PrimaryIsNotTheChoosenAdapter FoundDriverCount:4 
[2021.11.22-23.41.13:429][  0]LogD3D11RHI:     Adapter Name: NVIDIA GeForce RTX 3070
[2021.11.22-23.41.13:429][  0]LogD3D11RHI:   Driver Version: 471.41 (internal:30.0.14.7141, unified:471.41)
[2021.11.22-23.41.13:429][  0]LogD3D11RHI:      Driver Date: 7-12-2021
[2021.11.22-23.41.13:429][  0]LogRHI: Texture pool is 5630 MB (70% of 8043 MB)
[2021.11.22-23.41.13:429][  0]LogD3D11RHI: Creating D3DDevice using adapter:
[2021.11.22-23.41.13:429][  0]LogD3D11RHI:     Description : NVIDIA GeForce RTX 3070
[2021.11.22-23.41.13:429][  0]LogD3D11RHI:     VendorId    : 10de
[2021.11.22-23.41.13:429][  0]LogD3D11RHI:     DeviceId    : 2484
[2021.11.22-23.41.13:429][  0]LogD3D11RHI:     SubSysId    : 39091462
[2021.11.22-23.41.13:429][  0]LogD3D11RHI:     Revision    : 00a1
[2021.11.22-23.41.13:429][  0]LogD3D11RHI:     DedicatedVideoMemory : 8433696768 bytes
[2021.11.22-23.41.13:429][  0]LogD3D11RHI:     DedicatedSystemMemory : 0 bytes
[2021.11.22-23.41.13:429][  0]LogD3D11RHI:     SharedSystemMemory : 17092661248 bytes
[2021.11.22-23.41.13:429][  0]LogD3D11RHI:     AdapterLuid : 0 60841
[2021.11.22-23.41.13:486][  0]LogD3D11RHI: RHI has support for 64 bit atomics
[2021.11.22-23.41.13:487][  0]LogD3D11RHI: Async texture creation enabled
[2021.11.22-23.41.13:487][  0]LogD3D11RHI: Array index from any shader is supported
[2021.11.22-23.41.13:499][  0]LogD3D11RHI: GPU Timing Frequency: 1000.000000 (Debug: 2 1)
[2021.11.22-23.41.13:526][  0]LogRHI: GeForceNow SDK initialized: 1
[2021.11.22-23.41.13:722][  0]LogTargetPlatformManager: Display: Loaded TargetPlatform 'AllDesktop'
[2021.11.22-23.41.13:738][  0]LogTargetPlatformManager: Display: Loaded TargetPlatform 'Android'
[2021.11.22-23.41.13:738][  0]LogTargetPlatformManager: Display: Loaded TargetPlatform 'Android_ASTC'
[2021.11.22-23.41.13:738][  0]LogTargetPlatformManager: Display: Loaded TargetPlatform 'Android_DXT'
[2021.11.22-23.41.13:738][  0]LogTargetPlatformManager: Display: Loaded TargetPlatform 'Android_ETC2'
[2021.11.22-23.41.13:738][  0]LogTargetPlatformManager: Display: Loaded TargetPlatform 'AndroidClient'
[2021.11.22-23.41.13:738][  0]LogTargetPlatformManager: Display: Loaded TargetPlatform 'Android_ASTCClient'
[2021.11.22-23.41.13:738][  0]LogTargetPlatformManager: Display: Loaded TargetPlatform 'Android_DXTClient'
[2021.11.22-23.41.13:738][  0]LogTargetPlatformManager: Display: Loaded TargetPlatform 'Android_ETC2Client'
[2021.11.22-23.41.13:738][  0]LogTargetPlatformManager: Display: Loaded TargetPlatform 'Android_Multi'
[2021.11.22-23.41.13:738][  0]LogTargetPlatformManager: Display: Loaded TargetPlatform 'Android_MultiClient'
[2021.11.22-23.41.13:752][  0]LogTargetPlatformManager: Display: Loaded TargetPlatform 'IOSClient'
[2021.11.22-23.41.13:752][  0]LogTargetPlatformManager: Display: Loaded TargetPlatform 'IOS'
[2021.11.22-23.41.13:759][  0]LogTargetPlatformManager: Display: Loaded TargetPlatform 'Linux'
[2021.11.22-23.41.13:762][  0]LogTargetPlatformManager: Display: Loaded TargetPlatform 'LinuxNoEditor'
[2021.11.22-23.41.13:765][  0]LogTargetPlatformManager: Display: Loaded TargetPlatform 'LinuxClient'
[2021.11.22-23.41.13:768][  0]LogTargetPlatformManager: Display: Loaded TargetPlatform 'LinuxServer'
[2021.11.22-23.41.13:776][  0]LogTargetPlatformManager: Display: Loaded TargetPlatform 'LinuxAArch64NoEditor'
[2021.11.22-23.41.13:779][  0]LogTargetPlatformManager: Display: Loaded TargetPlatform 'LinuxAArch64Client'
[2021.11.22-23.41.13:781][  0]LogTargetPlatformManager: Display: Loaded TargetPlatform 'LinuxAArch64Server'
[2021.11.22-23.41.13:802][  0]LogTargetPlatformManager: Display: Loaded TargetPlatform 'Lumin'
[2021.11.22-23.41.13:802][  0]LogTargetPlatformManager: Display: Loaded TargetPlatform 'LuminClient'
[2021.11.22-23.41.13:808][  0]LogTargetPlatformManager: Display: Loaded TargetPlatform 'MacNoEditor'
[2021.11.22-23.41.13:811][  0]LogTargetPlatformManager: Display: Loaded TargetPlatform 'Mac'
[2021.11.22-23.41.13:814][  0]LogTargetPlatformManager: Display: Loaded TargetPlatform 'MacClient'
[2021.11.22-23.41.13:817][  0]LogTargetPlatformManager: Display: Loaded TargetPlatform 'MacServer'
[2021.11.22-23.41.13:824][  0]LogTargetPlatformManager: Display: Loaded TargetPlatform 'TVOSClient'
[2021.11.22-23.41.13:825][  0]LogTargetPlatformManager: Display: Loaded TargetPlatform 'TVOS'
[2021.11.22-23.41.13:832][  0]LogTargetPlatformManager: Display: Loaded TargetPlatform 'WindowsNoEditor'
[2021.11.22-23.41.13:835][  0]LogTargetPlatformManager: Display: Loaded TargetPlatform 'Windows'
[2021.11.22-23.41.13:838][  0]LogTargetPlatformManager: Display: Loaded TargetPlatform 'WindowsClient'
[2021.11.22-23.41.13:841][  0]LogTargetPlatformManager: Display: Loaded TargetPlatform 'WindowsServer'
[2021.11.22-23.41.13:841][  0]LogTargetPlatformManager: Display: Building Assets For Windows
[2021.11.22-23.41.13:845][  0]LogAudioDebug: Display: Lib vorbis DLL was dynamically loaded.
[2021.11.22-23.41.13:865][  0]LogTextureFormatOodle: Display: Oodle Texture 2.9.0 init RDO Off
[2021.11.22-23.41.13:885][  0]LogRendererCore: Ray tracing is disabled. Reason: r.RayTracing=0.
[2021.11.22-23.41.13:885][  0]LogShaderCompilers: Guid format shader working directory is -27 characters bigger than the processId version (../../../../../../Users/u1330176/Documents/Unreal Projects/TeaMates/TeaMates/Intermediate/Shaders/WorkingDirectory/7384/).
[2021.11.22-23.41.13:885][  0]LogShaderCompilers: Cleaned the shader compiler working directory 'C:/Users/u1330176/AppData/Local/Temp/UnrealShaderWorkingDir/0EEF921B485AE9F1E2F747BF2D96195A/'.
[2021.11.22-23.41.13:885][  0]LogXGEController: Cannot use XGE Controller as Incredibuild is not installed on this machine.
[2021.11.22-23.41.13:885][  0]LogShaderCompilers: Cannot use XGE Shader Compiler as Incredibuild is not installed on this machine.
[2021.11.22-23.41.13:885][  0]LogShaderCompilers: Display: Using Local Shader Compiler.
[2021.11.22-23.41.14:462][  0]LogDerivedDataCache: Display: Max Cache Size: 512 MB
[2021.11.22-23.41.14:502][  0]LogDerivedDataCache: Loaded boot cache 0.04s 94MB C:/Users/u1330176/AppData/Local/UnrealEngine/4.27/DerivedDataCache/Boot.ddc.
[2021.11.22-23.41.14:502][  0]LogDerivedDataCache: Display: Loaded Boot cache: C:/Users/u1330176/AppData/Local/UnrealEngine/4.27/DerivedDataCache/Boot.ddc
[2021.11.22-23.41.14:502][  0]LogDerivedDataCache: FDerivedDataBackendGraph:  Pak pak cache file ../../../../../../Users/u1330176/Documents/Unreal Projects/TeaMates/TeaMates/DerivedDataCache/DDC.ddp not found, will not use a pak cache.
[2021.11.22-23.41.14:502][  0]LogDerivedDataCache: Unable to find inner node Pak for hierarchical cache Hierarchy.
[2021.11.22-23.41.14:502][  0]LogDerivedDataCache: FDerivedDataBackendGraph:  CompressedPak pak cache file ../../../../../../Users/u1330176/Documents/Unreal Projects/TeaMates/TeaMates/DerivedDataCache/Compressed.ddp not found, will not use a pak cache.
[2021.11.22-23.41.14:502][  0]LogDerivedDataCache: Unable to find inner node CompressedPak for hierarchical cache Hierarchy.
[2021.11.22-23.41.14:514][  0]LogDerivedDataCache: Display: Pak cache opened for reading ../../../Engine/DerivedDataCache/Compressed.ddp.
[2021.11.22-23.41.14:514][  0]LogDerivedDataCache: FDerivedDataBackendGraph:  EnterprisePak pak cache file ../../../Enterprise/DerivedDataCache/Compressed.ddp not found, will not use a pak cache.
[2021.11.22-23.41.14:514][  0]LogDerivedDataCache: Unable to find inner node EnterprisePak for hierarchical cache Hierarchy.
[2021.11.22-23.41.14:521][  0]LogDerivedDataCache: Speed tests for C:/Users/u1330176/AppData/Local/UnrealEngine/Common/DerivedDataCache took 0.01 seconds
[2021.11.22-23.41.14:521][  0]LogDerivedDataCache: Display: Performance to C:/Users/u1330176/AppData/Local/UnrealEngine/Common/DerivedDataCache: Latency=0.02ms. RandomReadSpeed=346.03MBs, RandomWriteSpeed=236.97MBs. Assigned SpeedClass 'Local'
[2021.11.22-23.41.14:521][  0]LogDerivedDataCache: Using Local data cache path C:/Users/u1330176/AppData/Local/UnrealEngine/Common/DerivedDataCache: Writable
[2021.11.22-23.41.14:521][  0]LogDerivedDataCache: Shared data cache path not found in *engine.ini, will not use an Shared cache.
[2021.11.22-23.41.14:521][  0]LogDerivedDataCache: Unable to find inner node Shared for hierarchical cache Hierarchy.
[2021.11.22-23.41.14:557][  0]LogSlate: Using FreeType 2.10.0
[2021.11.22-23.41.14:558][  0]LogSlate: SlateFontServices - WITH_FREETYPE: 1, WITH_HARFBUZZ: 1
[2021.11.22-23.41.14:574][  0]LogAssetRegistry: FAssetRegistry took 0.0022 seconds to start up
[2021.11.22-23.41.14:749][  0]LogInit: Selected Device Profile: [Windows]
[2021.11.22-23.41.14:749][  0]LogInit: Active device profile: [0000026198C09100][00000261890615C0 49] Windows
[2021.11.22-23.41.14:749][  0]LogInit: Profiles: [0000026198C09100][00000261890615C0 49] Windows, [0000026198BBE500][0000026189069740 49] WindowsNoEditor, [0000026198C0A200][00000261972F58C0 49] WindowsServer, [0000026198BBD700][00000261972F9A40 49] WindowsClient, [0000026198C09700][00000261972FDBC0 49] IOS, [0000026198BBE700][00000261973041C0 49] iPadAir, [0000026198C0BC00][000002619730C340 49] iPadAir2, [0000026198A49400][00000261996BC600 49] IPadPro, [0000026198A49500][0000026197318640 49] iPadAir3, [0000026198BBF800][000002619976A7C0 49] iPadAir4, [0000026198A4A300][000002619976E940 49] iPadMini2, [0000026198BBEF00][0000026189064A80 49] iPadMini3, [0000026198A4AF00][0000026199772BC0 49] iPadMini4, [0000026198BBDC00][000002619977AD00 49] iPadMini5, [0000026198A8D000][0000026199B46FC0 49] iPhone6, [0000026198A8D100][000002618F2BB000 49] iPodTouch6, [0000026198C0B900][0000026199B792C0 49] iPhone7, [0000026198C0A900][0000026199B71300 49] iPodTouch7, [0000026198A49000][000002618F2FF480 49] iPhone5S, [0000026198C0AF00][000002618F30B600 49] iPhone6Plus, [0000026198A4B600][0000026199B8B780 49] iPhone6S, [0000026198C08C00][0000026194C6D900 49] iPhone6SPlus, [0000026198C09D00][0000026194C71A80 49] iPhone7Plus, [0000026198A8C800][0000026194C75C00 49] iPhoneSE, [0000026198C08400][0000026194C78200 49] iPhone8, [0000026198A8C900][0000026194C7C380 49] iPhone8Plus, [0000026198A8EE00][0000026194C80500 49] iPhoneX, [0000026198A49D00][000002618F2AE680 49] iPhoneXS, [0000026198A8E700][0000026195EC6800 49] iPhoneXSMax, [0000026198A49C00][0000026195ECA980 49] iPhoneXR, [0000026198A8E800][0000026195ECEB00 49] iPhone11, [0000026198A48F00][000002618F2B6C40 49] iPhone11Pro, [0000026198A8CB00][0000026195ED2D80 49] iPhone11ProMax, [0000026198A48D00][000002619974CEC0 49] iPhoneSE2, [0000026198A8CE00][0000026199667040 49] iPhone12Mini, [0000026198C0B800][000002619966B1C0 49] iPhone12, [0000026198A8F000][000002619966F340 49] iPhone12Pro, [0000026198C0B700][00000261996734C0 49] iPhone12ProMax, [0000026198A8DE00][000002619967B640 49] iPadPro105, [0000026198C09300][00000261996897C0 49] iPadPro129, [0000026198A8FE00][000002619968D940 49] iPadPro97, [0000026198C09C00][0000026199691AC0 49] iPadPro2_129, [0000026198A8E000][00000261996940C0 49] iPad5, [0000026198C0A300][0000026199698240 49] iPad6, [0000026198A8FB00][000002619969C3C0 49] iPad7, [0000026198C09E00][00000261996B4540 49] iPad8, [0000026198A8CA00][00000261997006C0 49] iPadPro11, [0000026198C0A600][0000026199704840 49] iPadPro2_11, [0000026198A8CF00][00000261997089C0 49] iPadPro3_129, [0000026198C0A800][000002619970CB40 49] iPadPro4_129, [0000026198A8FC00][0000026199F98CC0 49] AppleTV, [0000026198C09A00][0000026199662E00 49] AppleTV4K, [0000026198A8E600][000002618F23CF40 49] TVOS, [0000026198C0A100][000002618F241080 49] Mac, [0000026198A8EF00][000002618F2451C0 49] MacClient, [0000026198C0AA00][0000026199719340 49] MacNoEditor, [0000026198A8EC00][000002619971D4C0 49] MacServer, [0000026198C0B000][0000026199721640 49] Linux, [0000026198A8C400][000002619972F7C0 49] LinuxAArch64, [0000026198C08700][000002618F25D940 49] LinuxNoEditor, [0000026198A8F700][0000026199F9DAC0 49] LinuxAArch64NoEditor, [0000026198C0BB00][00000261997100C0 49] LinuxClient, [0000026198A8F400][000002618F260240 49] LinuxAArch64Client, [0000026198C0BE00][00000261996B83C0 49] LinuxServer, [0000026198A8C700][000002618F264540 49] LinuxAArch64Server, [0000026198C09F00][000002618F2686C0 49] Android, [0000026198A8EA00][000002618F26C840 49] Android_Low, [0000026198C0AD00][000002618F2709C0 49] Android_Mid, [0000026198A8DF00][000002618F274B40 49] Android_High, [0000026198C0AB00][000002618F278CC0 49] Android_Default, [0000026198A8C100][000002618F27CE40 49] Android_Adreno4xx, [0000026198C08500][0000026199714F80 49] Android_Adreno5xx_Low, [0000026198A8D400][000002618F2150C0 49] Android_Adreno5xx, [0000026198C0B400][000002618F219200 49] Android_Adreno6xx, [0000026198A8E300][000002618F21D340 49] Android_Adreno6xx_Vulkan, [0000026198C0BD00][000002618F2254C0 49] Android_Mali_T6xx, [0000026198A8C200][000002618F229640 49] Android_Mali_T7xx, [0000026198C0B600][000002618F22D7C0 49] Android_Mali_T8xx, [0000026198A8F200][000002618F231940 49] Android_Mali_G71, [0000026198A4B100][000002618F235AC0 49] Android_Mali_G72, [0000026198BBED00][000002618F2380C0 49] Android_Mali_G72_Vulkan, [0000026198A4AB00][0000026195E94240 49] Android_Mali_G76, [0000026198BBC500][0000026195E983C0 49] Android_Mali_G76_Vulkan, [0000026198A48C00][0000026195E9C540 49] Android_Mali_G77, [0000026198BBC600][0000026195EA06C0 49] Android_Mali_G77_Vulkan, [0000026198A4A400][0000026195EA4840 49] Android_Mali_G78, [0000026198BBCD00][0000026195EA89C0 49] Android_Mali_G78_Vulkan, [0000026198A4BD00][0000026195EACB40 49] Android_Mali_G710, [0000026198BBE900][0000026195EB0CC0 49] Android_Mali_G710_Vulkan, [0000026198A4AA00][0000026195EB4E40 49] Android_Vulkan_SM5, [0000026198BBD800][0000026195EB8FC0 49] Android_PowerVR_G6xxx, [0000026198A48500][0000026195EBD140 49] Android_PowerVR_GT7xxx, [0000026198BBC200][000002618F221280 49] Android_PowerVR_GE8xxx, [0000026198A4BB00][0000026195EC13C0 49] Android_PowerVR_GM9xxx, [0000026198BBDF00][0000026199603500 49] Android_PowerVR_GM9xxx_Vulkan, [0000026198A49F00][000002619960B680 49] Android_TegraK1, [0000026198BBCA00][000002619960F800 49] Android_Unknown_Vulkan, [0000026198A4B900][0000026199613980 49] Lumin, [0000026198BBD100][0000026199617B00 49] Lumin_Desktop, [0000026198A4A000][000002619961A100 49] HoloLens, 
[2021.11.22-23.41.14:840][  0]LogMeshReduction: Using QuadricMeshReduction for automatic static mesh reduction
[2021.11.22-23.41.14:840][  0]LogMeshReduction: Using SimplygonMeshReduction for automatic skeletal mesh reduction
[2021.11.22-23.41.14:840][  0]LogMeshReduction: Using ProxyLODMeshReduction for automatic mesh merging
[2021.11.22-23.41.14:840][  0]LogMeshReduction: No distributed automatic mesh merging module available
[2021.11.22-23.41.14:840][  0]LogMeshMerging: No distributed automatic mesh merging module available
[2021.11.22-23.41.14:851][  0]LogNetVersion: TeaMates 1.0.0, NetCL: 17155196, EngineNetVer: 17, GameNetVer: 0 (Checksum: 16386832)
[2021.11.22-23.41.15:105][  0]LogTexture: Default maximum texture size for cubemaps generated from long-lat sources has been changed from 512 to unlimited. In order to preserve old behaiour for '/Engine/MapTemplates/Sky/DaylightAmbientCubemap.DaylightAmbientCubemap', its maximum texture size has been explicitly set to 512.
[2021.11.22-23.41.15:145][  0]LogHMD: PokeAHoleMaterial loaded successfully
[2021.11.22-23.41.15:150][  0]LogUObjectArray: 17178 objects as part of root set at end of initial load.
[2021.11.22-23.41.15:150][  0]LogUObjectAllocator: 4301856 out of 0 bytes used by permanent object pool.
[2021.11.22-23.41.15:150][  0]LogUObjectArray: CloseDisregardForGC: 0/0 objects in disregard for GC pool
[2021.11.22-23.41.15:255][  0]LogNiagaraDebuggerClient: Niagara Debugger Client Initialized | Session: F36CE7BF40A5903ADF92A48D99CD75A1 | Instance: 5B9B93D043165359D7C22E98A3C89CA2 (eae-z490-138-7384).
[2021.11.22-23.41.15:405][  0]LogImageWrapper: Warning: PNG Warning: Duplicate iCCP chunk
[2021.11.22-23.41.15:405][  0]LogImageWrapper: Warning: PNG Warning: Duplicate iCCP chunk
[2021.11.22-23.41.15:405][  0]LogTcpMessaging: Initializing TcpMessaging bridge
[2021.11.22-23.41.15:410][  0]LogUdpMessaging: Initializing bridge on interface 0.0.0.0:0 to multicast group 230.0.0.1:6666.
[2021.11.22-23.41.15:418][  0]LogPython: Using Python 3.7.7
[2021.11.22-23.41.15:898][  0]SourceControl: Source control is disabled
[2021.11.22-23.41.15:898][  0]SourceControl: Source control is disabled
[2021.11.22-23.41.15:900][  0]SourceControl: Source control is disabled
[2021.11.22-23.41.15:903][  0]SourceControl: Source control is disabled
[2021.11.22-23.41.15:905][  0]SourceControl: Source control is disabled
[2021.11.22-23.41.15:909][  0]LogUProjectInfo: Found projects:
[2021.11.22-23.41.16:051][  0]LogOpenImageDenoise: OIDN starting up
[2021.11.22-23.41.16:063][  0]LogAndroidPermission: UAndroidPermissionCallbackProxy::GetInstance
[2021.11.22-23.41.16:077][  0]LogAudioCaptureCore: Display: No Audio Capture implementations found. Audio input will be silent.
[2021.11.22-23.41.16:077][  0]LogAudioCaptureCore: Display: No Audio Capture implementations found. Audio input will be silent.
[2021.11.22-23.41.16:157][  0]LogCollectionManager: Loaded 0 collections in 0.001464 seconds
[2021.11.22-23.41.16:173][  0]LogFileCache: Scanning file cache for directory 'C:/Users/u1330176/Documents/Unreal Projects/TeaMates/TeaMates/Saved/Collections/' took 0.00s
[2021.11.22-23.41.16:173][  0]LogFileCache: Scanning file cache for directory 'C:/Users/u1330176/Documents/Unreal Projects/TeaMates/TeaMates/Content/Developers/u1330176/Collections/' took 0.00s
[2021.11.22-23.41.16:173][  0]LogFileCache: Scanning file cache for directory 'C:/Users/u1330176/Documents/Unreal Projects/TeaMates/TeaMates/Content/Collections/' took 0.00s
[2021.11.22-23.41.16:173][  0]LogOcInput: OculusInput pre-init called
[2021.11.22-23.41.16:328][  0]LogImageWrapper: Warning: PNG Warning: Duplicate iCCP chunk
[2021.11.22-23.41.16:328][  0]LogImageWrapper: Warning: PNG Warning: Duplicate iCCP chunk
[2021.11.22-23.41.16:328][  0]LogEngine: Initializing Engine...
[2021.11.22-23.41.16:329][  0]LogHMD: Failed to enumerate extensions. Please check that you have a valid OpenXR runtime installed.
[2021.11.22-23.41.16:329][  0]LogHMD: Failed to initialize OpenVR with code 110
[2021.11.22-23.41.16:329][  0]LogMagicLeap: Warning: VR disabled because ZI is not enabled.  To enable, in the editor, Edit -> Project Settings -> Plugins -> Magic Leap Plugin -> Enable Zero Iteration
[2021.11.22-23.41.16:330][  0]LogStats: UGameplayTagsManager::InitializeManager -  0.000 s
[2021.11.22-23.41.16:415][  0]LogInit: Initializing FReadOnlyCVARCache
[2021.11.22-23.41.16:422][  0]LogAIModule: Creating AISystem for world Untitled
[2021.11.22-23.41.16:426][  0]LogAudio: Display: Initializing Audio Device Manager...
[2021.11.22-23.41.16:429][  0]LogAudio: Display: Loading Default Audio Settings Objects...
[2021.11.22-23.41.16:429][  0]LogAudio: Display: No default SoundConcurrencyObject specified (or failed to load).
[2021.11.22-23.41.16:429][  0]LogAudio: Display: Audio Device Manager Initialized
[2021.11.22-23.41.16:429][  0]LogAudio: Display: Creating Audio Device:                 Id: 1, Scope: Shared, Realtime: True
[2021.11.22-23.41.16:429][  0]LogAudioMixer: Display: Audio Mixer Platform Settings:
[2021.11.22-23.41.16:429][  0]LogAudioMixer: Display: 	Sample Rate:						  48000
[2021.11.22-23.41.16:429][  0]LogAudioMixer: Display: 	Callback Buffer Frame Size Requested: 1024
[2021.11.22-23.41.16:429][  0]LogAudioMixer: Display: 	Callback Buffer Frame Size To Use:	  1024
[2021.11.22-23.41.16:429][  0]LogAudioMixer: Display: 	Number of buffers to queue:			  2
[2021.11.22-23.41.16:429][  0]LogAudioMixer: Display: 	Max Channels (voices):				  32
[2021.11.22-23.41.16:429][  0]LogAudioMixer: Display: 	Number of Async Source Workers:		  0
[2021.11.22-23.41.16:429][  0]LogAudio: Display: AudioDevice MaxSources: 32
[2021.11.22-23.41.16:430][  0]LogAudio: Display: Audio Spatialization Plugin: None (built-in).
[2021.11.22-23.41.16:430][  0]LogAudio: Display: Audio Reverb Plugin: None (built-in).
[2021.11.22-23.41.16:430][  0]LogAudio: Display: Audio Occlusion Plugin: None (built-in).
[2021.11.22-23.41.16:430][  0]LogAudioMixer: Display: Initializing audio mixer.
[2021.11.22-23.41.16:444][  0]LogAudioMixer: Display: 0: FrontLeft
[2021.11.22-23.41.16:444][  0]LogAudioMixer: Display: 1: FrontRight
[2021.11.22-23.41.16:487][  0]LogAudioMixer: Display: Using Audio Device DELL UZ2315H (NVIDIA High Definition Audio)
[2021.11.22-23.41.16:489][  0]LogAudioMixer: Display: Initializing Sound Submixes...
[2021.11.22-23.41.16:490][  0]LogAudioMixer: Display: Creating Master Submix 'MasterSubmixDefault'
[2021.11.22-23.41.16:490][  0]LogAudioMixer: Display: Creating Master Submix 'MasterReverbSubmixDefault'
[2021.11.22-23.41.16:491][  0]LogAudioMixer: Display: Creating Master Submix 'MasterEQSubmixDefault'
[2021.11.22-23.41.16:491][  0]LogAudioMixer: FMixerPlatformXAudio2::StartAudioStream() called
[2021.11.22-23.41.16:491][  0]LogAudioMixer: Display: Output buffers initialized: Frames=1024, Channels=2, Samples=2048
[2021.11.22-23.41.16:491][  0]LogAudioMixer: Display: Starting AudioMixerPlatformInterface::RunInternal()
[2021.11.22-23.41.16:491][  0]LogAudioMixer: Display: FMixerPlatformXAudio2::SubmitBuffer() called for the first time
[2021.11.22-23.41.16:491][  0]LogInit: FAudioDevice initialized.
[2021.11.22-23.41.16:491][  0]LogAudio: Display: Audio Device (ID: 1) registered with world 'Untitled'.
[2021.11.22-23.41.16:491][  0]LogNetVersion: Set ProjectVersion to 1.0.0.0. Version Checksum will be recalculated on next use.
[2021.11.22-23.41.16:529][  0]LogDerivedDataCache: Saved boot cache 0.04s 94MB C:/Users/u1330176/AppData/Local/UnrealEngine/4.27/DerivedDataCache/Boot.ddc.
[2021.11.22-23.41.16:529][  0]LogInit: Texture streaming: Enabled
[2021.11.22-23.41.16:537][  0]LogAnalytics: Display: [UEEditor.Rocket.Release] APIServer = https://datarouter.ol.epicgames.com/. AppVersion = 4.27.1-17735300+++UE4+Release-4.27
[2021.11.22-23.41.16:539][  0]LogEngineSessionManager: EngineSessionManager initialized
[2021.11.22-23.41.16:539][  0]LogEditorSessionSummary: Verbose: Initializing EditorSessionSummaryWriter for editor session tracking
[2021.11.22-23.41.16:540][  0]LogEditorSessionSummary: EditorSessionSummaryWriter initialized
[2021.11.22-23.41.16:556][  0]LogInit: Transaction tracking system initialized
[2021.11.22-23.41.16:568][  0]BlueprintLog: New page: Editor Load
[2021.11.22-23.41.16:606][  0]LocalizationService: Localization service is disabled
[2021.11.22-23.41.16:621][  0]TimingProfiler: Initialize
[2021.11.22-23.41.16:621][  0]TimingProfiler: OnSessionChanged
[2021.11.22-23.41.16:621][  0]LoadingProfiler: Initialize
[2021.11.22-23.41.16:621][  0]LoadingProfiler: OnSessionChanged
[2021.11.22-23.41.16:621][  0]NetworkingProfiler: Initialize
[2021.11.22-23.41.16:621][  0]NetworkingProfiler: OnSessionChanged
[2021.11.22-23.41.16:621][  0]MemoryProfiler: Initialize
[2021.11.22-23.41.16:621][  0]MemoryProfiler: OnSessionChanged
[2021.11.22-23.41.16:717][  0]LogCook: Display: CookSettings for Memory: MemoryMaxUsedVirtual 0MiB, MemoryMaxUsedPhysical 16384MiB, MemoryMinFreeVirtual 0MiB, MemoryMinFreePhysical 1024MiB
[2021.11.22-23.41.16:717][  0]LogCook: Display: Mobile HDR setting 1
[2021.11.22-23.41.16:835][  0]LogFileCache: Scanning file cache for directory 'C:/Users/u1330176/Documents/Unreal Projects/TeaMates/TeaMates/Content/' took 0.00s
[2021.11.22-23.41.16:912][  0]LogImageWrapper: Warning: PNG Warning: Duplicate iCCP chunk
[2021.11.22-23.41.16:913][  0]LogImageWrapper: Warning: PNG Warning: Duplicate iCCP chunk
[2021.11.22-23.41.16:953][  0]LogInit: Display: Engine is initialized. Leaving FEngineLoop::Init()
[2021.11.22-23.41.16:955][  0]SourceControl: Source control is disabled
[2021.11.22-23.41.16:956][  0]LogUnrealEdMisc: Loading editor; pre map load, took 4.745
[2021.11.22-23.41.16:956][  0]Cmd: MAP LOAD FILE="../../../Engine/Content/Maps/Templates/Template_Default.umap" TEMPLATE=1 SHOWPROGRESS=1 FEATURELEVEL=3
[2021.11.22-23.41.16:956][  0]LightingResults: New page: Lighting Build
[2021.11.22-23.41.16:957][  0]LogWorld: UWorld::CleanupWorld for Untitled, bSessionEnded=true, bCleanupResources=true
[2021.11.22-23.41.16:957][  0]LogSlate: InvalidateAllWidgets triggered.  All widgets were invalidated
[2021.11.22-23.41.16:957][  0]MapCheck: New page: Map Check
[2021.11.22-23.41.16:957][  0]LightingResults: New page: Lighting Build
[2021.11.22-23.41.16:960][  0]LogAudio: Display: Audio Device unregistered from world 'None'.
[2021.11.22-23.41.16:962][  0]LogUObjectHash: Compacting FUObjectHashTables data took   0.66ms
[2021.11.22-23.41.17:000][  0]LogTexture: Display: Building textures: DeprecatedTextureEB9CBE3C423008B5E8E130901E171C89 (BGRA8, 128X128)
[2021.11.22-23.41.17:006][  0]LogAudio: Display: Audio Device (ID: 1) registered with world 'Untitled_1'.
[2021.11.22-23.41.17:007][  0]LogAIModule: Creating AISystem for world Untitled_1
[2021.11.22-23.41.17:009][  0]LogEditorServer: Finished looking for orphan Actors (0.000 secs)
[2021.11.22-23.41.17:014][  0]LogUObjectHash: Compacting FUObjectHashTables data took   0.64ms
[2021.11.22-23.41.17:014][  0]Cmd: MAP CHECKDEP NOCLEARLOG
[2021.11.22-23.41.17:015][  0]MapCheck: Map check complete: 0 Error(s), 0 Warning(s), took 0.152ms to complete.
[2021.11.22-23.41.17:015][  0]LogFileHelpers: Loading map 'Template_Default' took 0.059
[2021.11.22-23.41.17:016][  0]LogUnrealEdMisc: Total Editor Startup Time, took 4.805
[2021.11.22-23.41.17:145][  0]LogSlate: Updating window title bar state: overlay mode, drag disabled, window buttons hidden, title bar hidden
[2021.11.22-23.41.17:149][  0]LogSlate: Updating window title bar state: overlay mode, drag disabled, window buttons hidden, title bar hidden
[2021.11.22-23.41.17:154][  0]LogSlate: Updating window title bar state: overlay mode, drag disabled, window buttons hidden, title bar hidden
[2021.11.22-23.41.17:158][  0]LogSlate: Updating window title bar state: overlay mode, drag disabled, window buttons hidden, title bar hidden
[2021.11.22-23.41.17:167][  0]LogNativeClassHierarchy: Verbose: Native class hierarchy populated in 0.0071 seconds. Added 3822 classes and 928 folders.
[2021.11.22-23.41.17:170][  0]LogNativeClassHierarchy: Verbose: Native class hierarchy updated for 'WidgetCarousel' in 0.0002 seconds. Added 0 classes and 0 folders.
[2021.11.22-23.41.17:171][  0]LogPakFile: PakFile PrimaryIndexSize=187
[2021.11.22-23.41.17:171][  0]LogPakFile: PakFile PathHashIndexSize=101
[2021.11.22-23.41.17:171][  0]LogPakFile: PakFile FullDirectoryIndexSize=148
[2021.11.22-23.41.17:171][  0]LogShaderLibrary: Display: ShaderCodeLibraryPakFileMountedCallback: PakFile 'C:/Program Files/Epic Games/UE_4.27/FeaturePacks/FP_FirstPerson.upack' (chunk index -1, root 'root:/') mounted
[2021.11.22-23.41.17:171][  0]LogShaderLibrary: Display: ShaderCodeLibraryPakFileMountedCallback: pending pak file info (ChunkID:-1 Root:root:/ File:C:/Program Files/Epic Games/UE_4.27/FeaturePacks/FP_FirstPerson.upack)
[2021.11.22-23.41.17:171][  0]LogPakFile: OnPakFileMounted2Time == 0.000040
[2021.11.22-23.41.17:172][  0]LogPakFile: PakFile PrimaryIndexSize=189
[2021.11.22-23.41.17:172][  0]LogPakFile: PakFile PathHashIndexSize=101
[2021.11.22-23.41.17:172][  0]LogPakFile: PakFile FullDirectoryIndexSize=152
[2021.11.22-23.41.17:172][  0]LogShaderLibrary: Display: ShaderCodeLibraryPakFileMountedCallback: PakFile 'C:/Program Files/Epic Games/UE_4.27/FeaturePacks/FP_FirstPersonBP.upack' (chunk index -1, root 'root:/') mounted
[2021.11.22-23.41.17:172][  0]LogShaderLibrary: Display: ShaderCodeLibraryPakFileMountedCallback: pending pak file info (ChunkID:-1 Root:root:/ File:C:/Program Files/Epic Games/UE_4.27/FeaturePacks/FP_FirstPersonBP.upack)
[2021.11.22-23.41.17:172][  0]LogPakFile: OnPakFileMounted2Time == 0.000028
[2021.11.22-23.41.17:172][  0]LogPakFile: PakFile PrimaryIndexSize=191
[2021.11.22-23.41.17:172][  0]LogPakFile: PakFile PathHashIndexSize=101
[2021.11.22-23.41.17:172][  0]LogPakFile: PakFile FullDirectoryIndexSize=160
[2021.11.22-23.41.17:172][  0]LogShaderLibrary: Display: ShaderCodeLibraryPakFileMountedCallback: PakFile 'C:/Program Files/Epic Games/UE_4.27/FeaturePacks/MobileStarterContent.upack' (chunk index -1, root 'root:/') mounted
[2021.11.22-23.41.17:172][  0]LogShaderLibrary: Display: ShaderCodeLibraryPakFileMountedCallback: pending pak file info (ChunkID:-1 Root:root:/ File:C:/Program Files/Epic Games/UE_4.27/FeaturePacks/MobileStarterContent.upack)
[2021.11.22-23.41.17:172][  0]LogPakFile: OnPakFileMounted2Time == 0.000027
[2021.11.22-23.41.17:173][  0]LogPakFile: PakFile PrimaryIndexSize=185
[2021.11.22-23.41.17:173][  0]LogPakFile: PakFile PathHashIndexSize=101
[2021.11.22-23.41.17:173][  0]LogPakFile: PakFile FullDirectoryIndexSize=148
[2021.11.22-23.41.17:173][  0]LogShaderLibrary: Display: ShaderCodeLibraryPakFileMountedCallback: PakFile 'C:/Program Files/Epic Games/UE_4.27/FeaturePacks/StarterContent.upack' (chunk index -1, root 'root:/') mounted
[2021.11.22-23.41.17:173][  0]LogShaderLibrary: Display: ShaderCodeLibraryPakFileMountedCallback: pending pak file info (ChunkID:-1 Root:root:/ File:C:/Program Files/Epic Games/UE_4.27/FeaturePacks/StarterContent.upack)
[2021.11.22-23.41.17:173][  0]LogPakFile: OnPakFileMounted2Time == 0.000026
[2021.11.22-23.41.17:173][  0]LogPakFile: PakFile PrimaryIndexSize=190
[2021.11.22-23.41.17:173][  0]LogPakFile: PakFile PathHashIndexSize=101
[2021.11.22-23.41.17:173][  0]LogPakFile: PakFile FullDirectoryIndexSize=154
[2021.11.22-23.41.17:173][  0]LogShaderLibrary: Display: ShaderCodeLibraryPakFileMountedCallback: PakFile 'C:/Program Files/Epic Games/UE_4.27/FeaturePacks/TP_2DSideScroller.upack' (chunk index -1, root 'root:/') mounted
[2021.11.22-23.41.17:173][  0]LogShaderLibrary: Display: ShaderCodeLibraryPakFileMountedCallback: pending pak file info (ChunkID:-1 Root:root:/ File:C:/Program Files/Epic Games/UE_4.27/FeaturePacks/TP_2DSideScroller.upack)
[2021.11.22-23.41.17:173][  0]LogPakFile: OnPakFileMounted2Time == 0.000027
[2021.11.22-23.41.17:173][  0]LogPakFile: PakFile PrimaryIndexSize=192
[2021.11.22-23.41.17:173][  0]LogPakFile: PakFile PathHashIndexSize=101
[2021.11.22-23.41.17:173][  0]LogPakFile: PakFile FullDirectoryIndexSize=158
[2021.11.22-23.41.17:173][  0]LogShaderLibrary: Display: ShaderCodeLibraryPakFileMountedCallback: PakFile 'C:/Program Files/Epic Games/UE_4.27/FeaturePacks/TP_2DSideScrollerBP.upack' (chunk index -1, root 'root:/') mounted
[2021.11.22-23.41.17:173][  0]LogShaderLibrary: Display: ShaderCodeLibraryPakFileMountedCallback: pending pak file info (ChunkID:-1 Root:root:/ File:C:/Program Files/Epic Games/UE_4.27/FeaturePacks/TP_2DSideScrollerBP.upack)
[2021.11.22-23.41.17:173][  0]LogPakFile: OnPakFileMounted2Time == 0.000025
[2021.11.22-23.41.17:174][  0]LogPakFile: PakFile PrimaryIndexSize=182
[2021.11.22-23.41.17:174][  0]LogPakFile: PakFile PathHashIndexSize=101
[2021.11.22-23.41.17:174][  0]LogPakFile: PakFile FullDirectoryIndexSize=138
[2021.11.22-23.41.17:174][  0]LogShaderLibrary: Display: ShaderCodeLibraryPakFileMountedCallback: PakFile 'C:/Program Files/Epic Games/UE_4.27/FeaturePacks/TP_Flying.upack' (chunk index -1, root 'root:/') mounted
[2021.11.22-23.41.17:174][  0]LogShaderLibrary: Display: ShaderCodeLibraryPakFileMountedCallback: pending pak file info (ChunkID:-1 Root:root:/ File:C:/Program Files/Epic Games/UE_4.27/FeaturePacks/TP_Flying.upack)
[2021.11.22-23.41.17:174][  0]LogPakFile: OnPakFileMounted2Time == 0.000025
[2021.11.22-23.41.17:174][  0]LogPakFile: PakFile PrimaryIndexSize=184
[2021.11.22-23.41.17:174][  0]LogPakFile: PakFile PathHashIndexSize=101
[2021.11.22-23.41.17:174][  0]LogPakFile: PakFile FullDirectoryIndexSize=142
[2021.11.22-23.41.17:174][  0]LogShaderLibrary: Display: ShaderCodeLibraryPakFileMountedCallback: PakFile 'C:/Program Files/Epic Games/UE_4.27/FeaturePacks/TP_FlyingBP.upack' (chunk index -1, root 'root:/') mounted
[2021.11.22-23.41.17:174][  0]LogShaderLibrary: Display: ShaderCodeLibraryPakFileMountedCallback: pending pak file info (ChunkID:-1 Root:root:/ File:C:/Program Files/Epic Games/UE_4.27/FeaturePacks/TP_FlyingBP.upack)
[2021.11.22-23.41.17:174][  0]LogPakFile: OnPakFileMounted2Time == 0.000025
[2021.11.22-23.41.17:175][  0]LogPakFile: PakFile PrimaryIndexSize=188
[2021.11.22-23.41.17:175][  0]LogPakFile: PakFile PathHashIndexSize=101
[2021.11.22-23.41.17:175][  0]LogPakFile: PakFile FullDirectoryIndexSize=150
[2021.11.22-23.41.17:175][  0]LogShaderLibrary: Display: ShaderCodeLibraryPakFileMountedCallback: PakFile 'C:/Program Files/Epic Games/UE_4.27/FeaturePacks/TP_HandheldARBP.upack' (chunk index -1, root 'root:/') mounted
[2021.11.22-23.41.17:175][  0]LogShaderLibrary: Display: ShaderCodeLibraryPakFileMountedCallback: pending pak file info (ChunkID:-1 Root:root:/ File:C:/Program Files/Epic Games/UE_4.27/FeaturePacks/TP_HandheldARBP.upack)
[2021.11.22-23.41.17:175][  0]LogPakFile: OnPakFileMounted2Time == 0.000024
[2021.11.22-23.41.17:175][  0]LogPakFile: PakFile PrimaryIndexSize=182
[2021.11.22-23.41.17:175][  0]LogPakFile: PakFile PathHashIndexSize=101
[2021.11.22-23.41.17:175][  0]LogPakFile: PakFile FullDirectoryIndexSize=138
[2021.11.22-23.41.17:175][  0]LogShaderLibrary: Display: ShaderCodeLibraryPakFileMountedCallback: PakFile 'C:/Program Files/Epic Games/UE_4.27/FeaturePacks/TP_Puzzle.upack' (chunk index -1, root 'root:/') mounted
[2021.11.22-23.41.17:175][  0]LogShaderLibrary: Display: ShaderCodeLibraryPakFileMountedCallback: pending pak file info (ChunkID:-1 Root:root:/ File:C:/Program Files/Epic Games/UE_4.27/FeaturePacks/TP_Puzzle.upack)
[2021.11.22-23.41.17:175][  0]LogPakFile: OnPakFileMounted2Time == 0.000025
[2021.11.22-23.41.17:175][  0]LogPakFile: PakFile PrimaryIndexSize=184
[2021.11.22-23.41.17:175][  0]LogPakFile: PakFile PathHashIndexSize=101
[2021.11.22-23.41.17:176][  0]LogPakFile: PakFile FullDirectoryIndexSize=142
[2021.11.22-23.41.17:176][  0]LogShaderLibrary: Display: ShaderCodeLibraryPakFileMountedCallback: PakFile 'C:/Program Files/Epic Games/UE_4.27/FeaturePacks/TP_PuzzleBP.upack' (chunk index -1, root 'root:/') mounted
[2021.11.22-23.41.17:176][  0]LogShaderLibrary: Display: ShaderCodeLibraryPakFileMountedCallback: pending pak file info (ChunkID:-1 Root:root:/ File:C:/Program Files/Epic Games/UE_4.27/FeaturePacks/TP_PuzzleBP.upack)
[2021.11.22-23.41.17:176][  0]LogPakFile: OnPakFileMounted2Time == 0.000027
[2021.11.22-23.41.17:176][  0]LogPakFile: PakFile PrimaryIndexSize=183
[2021.11.22-23.41.17:176][  0]LogPakFile: PakFile PathHashIndexSize=101
[2021.11.22-23.41.17:176][  0]LogPakFile: PakFile FullDirectoryIndexSize=140
[2021.11.22-23.41.17:176][  0]LogShaderLibrary: Display: ShaderCodeLibraryPakFileMountedCallback: PakFile 'C:/Program Files/Epic Games/UE_4.27/FeaturePacks/TP_Rolling.upack' (chunk index -1, root 'root:/') mounted
[2021.11.22-23.41.17:176][  0]LogShaderLibrary: Display: ShaderCodeLibraryPakFileMountedCallback: pending pak file info (ChunkID:-1 Root:root:/ File:C:/Program Files/Epic Games/UE_4.27/FeaturePacks/TP_Rolling.upack)
[2021.11.22-23.41.17:176][  0]LogPakFile: OnPakFileMounted2Time == 0.000025
[2021.11.22-23.41.17:176][  0]LogPakFile: PakFile PrimaryIndexSize=185
[2021.11.22-23.41.17:176][  0]LogPakFile: PakFile PathHashIndexSize=101
[2021.11.22-23.41.17:176][  0]LogPakFile: PakFile FullDirectoryIndexSize=144
[2021.11.22-23.41.17:176][  0]LogShaderLibrary: Display: ShaderCodeLibraryPakFileMountedCallback: PakFile 'C:/Program Files/Epic Games/UE_4.27/FeaturePacks/TP_RollingBP.upack' (chunk index -1, root 'root:/') mounted
[2021.11.22-23.41.17:176][  0]LogShaderLibrary: Display: ShaderCodeLibraryPakFileMountedCallback: pending pak file info (ChunkID:-1 Root:root:/ File:C:/Program Files/Epic Games/UE_4.27/FeaturePacks/TP_RollingBP.upack)
[2021.11.22-23.41.17:176][  0]LogPakFile: OnPakFileMounted2Time == 0.000028
[2021.11.22-23.41.17:177][  0]LogPakFile: PakFile PrimaryIndexSize=188
[2021.11.22-23.41.17:177][  0]LogPakFile: PakFile PathHashIndexSize=101
[2021.11.22-23.41.17:177][  0]LogPakFile: PakFile FullDirectoryIndexSize=150
[2021.11.22-23.41.17:177][  0]LogShaderLibrary: Display: ShaderCodeLibraryPakFileMountedCallback: PakFile 'C:/Program Files/Epic Games/UE_4.27/FeaturePacks/TP_SideScroller.upack' (chunk index -1, root 'root:/') mounted
[2021.11.22-23.41.17:177][  0]LogShaderLibrary: Display: ShaderCodeLibraryPakFileMountedCallback: pending pak file info (ChunkID:-1 Root:root:/ File:C:/Program Files/Epic Games/UE_4.27/FeaturePacks/TP_SideScroller.upack)
[2021.11.22-23.41.17:177][  0]LogPakFile: OnPakFileMounted2Time == 0.000026
[2021.11.22-23.41.17:177][  0]LogPakFile: PakFile PrimaryIndexSize=190
[2021.11.22-23.41.17:177][  0]LogPakFile: PakFile PathHashIndexSize=101
[2021.11.22-23.41.17:177][  0]LogPakFile: PakFile FullDirectoryIndexSize=154
[2021.11.22-23.41.17:177][  0]LogShaderLibrary: Display: ShaderCodeLibraryPakFileMountedCallback: PakFile 'C:/Program Files/Epic Games/UE_4.27/FeaturePacks/TP_SideScrollerBP.upack' (chunk index -1, root 'root:/') mounted
[2021.11.22-23.41.17:177][  0]LogShaderLibrary: Display: ShaderCodeLibraryPakFileMountedCallback: pending pak file info (ChunkID:-1 Root:root:/ File:C:/Program Files/Epic Games/UE_4.27/FeaturePacks/TP_SideScrollerBP.upack)
[2021.11.22-23.41.17:177][  0]LogPakFile: OnPakFileMounted2Time == 0.000025
[2021.11.22-23.41.17:178][  0]LogPakFile: PakFile PrimaryIndexSize=187
[2021.11.22-23.41.17:178][  0]LogPakFile: PakFile PathHashIndexSize=101
[2021.11.22-23.41.17:178][  0]LogPakFile: PakFile FullDirectoryIndexSize=148
[2021.11.22-23.41.17:178][  0]LogShaderLibrary: Display: ShaderCodeLibraryPakFileMountedCallback: PakFile 'C:/Program Files/Epic Games/UE_4.27/FeaturePacks/TP_ThirdPerson.upack' (chunk index -1, root 'root:/') mounted
[2021.11.22-23.41.17:178][  0]LogShaderLibrary: Display: ShaderCodeLibraryPakFileMountedCallback: pending pak file info (ChunkID:-1 Root:root:/ File:C:/Program Files/Epic Games/UE_4.27/FeaturePacks/TP_ThirdPerson.upack)
[2021.11.22-23.41.17:178][  0]LogPakFile: OnPakFileMounted2Time == 0.000027
[2021.11.22-23.41.17:178][  0]LogPakFile: PakFile PrimaryIndexSize=189
[2021.11.22-23.41.17:178][  0]LogPakFile: PakFile PathHashIndexSize=101
[2021.11.22-23.41.17:178][  0]LogPakFile: PakFile FullDirectoryIndexSize=152
[2021.11.22-23.41.17:178][  0]LogShaderLibrary: Display: ShaderCodeLibraryPakFileMountedCallback: PakFile 'C:/Program Files/Epic Games/UE_4.27/FeaturePacks/TP_ThirdPersonBP.upack' (chunk index -1, root 'root:/') mounted
[2021.11.22-23.41.17:178][  0]LogShaderLibrary: Display: ShaderCodeLibraryPakFileMountedCallback: pending pak file info (ChunkID:-1 Root:root:/ File:C:/Program Files/Epic Games/UE_4.27/FeaturePacks/TP_ThirdPersonBP.upack)
[2021.11.22-23.41.17:178][  0]LogPakFile: OnPakFileMounted2Time == 0.000024
[2021.11.22-23.41.17:178][  0]LogPakFile: PakFile PrimaryIndexSize=183
[2021.11.22-23.41.17:178][  0]LogPakFile: PakFile PathHashIndexSize=101
[2021.11.22-23.41.17:178][  0]LogPakFile: PakFile FullDirectoryIndexSize=140
[2021.11.22-23.41.17:178][  0]LogShaderLibrary: Display: ShaderCodeLibraryPakFileMountedCallback: PakFile 'C:/Program Files/Epic Games/UE_4.27/FeaturePacks/TP_TopDown.upack' (chunk index -1, root 'root:/') mounted
[2021.11.22-23.41.17:178][  0]LogShaderLibrary: Display: ShaderCodeLibraryPakFileMountedCallback: pending pak file info (ChunkID:-1 Root:root:/ File:C:/Program Files/Epic Games/UE_4.27/FeaturePacks/TP_TopDown.upack)
[2021.11.22-23.41.17:178][  0]LogPakFile: OnPakFileMounted2Time == 0.000030
[2021.11.22-23.41.17:179][  0]LogPakFile: PakFile PrimaryIndexSize=185
[2021.11.22-23.41.17:179][  0]LogPakFile: PakFile PathHashIndexSize=101
[2021.11.22-23.41.17:179][  0]LogPakFile: PakFile FullDirectoryIndexSize=144
[2021.11.22-23.41.17:179][  0]LogShaderLibrary: Display: ShaderCodeLibraryPakFileMountedCallback: PakFile 'C:/Program Files/Epic Games/UE_4.27/FeaturePacks/TP_TopDownBP.upack' (chunk index -1, root 'root:/') mounted
[2021.11.22-23.41.17:179][  0]LogShaderLibrary: Display: ShaderCodeLibraryPakFileMountedCallback: pending pak file info (ChunkID:-1 Root:root:/ File:C:/Program Files/Epic Games/UE_4.27/FeaturePacks/TP_TopDownBP.upack)
[2021.11.22-23.41.17:179][  0]LogPakFile: OnPakFileMounted2Time == 0.000025
[2021.11.22-23.41.17:179][  0]LogPakFile: PakFile PrimaryIndexSize=185
[2021.11.22-23.41.17:179][  0]LogPakFile: PakFile PathHashIndexSize=101
[2021.11.22-23.41.17:179][  0]LogPakFile: PakFile FullDirectoryIndexSize=144
[2021.11.22-23.41.17:179][  0]LogShaderLibrary: Display: ShaderCodeLibraryPakFileMountedCallback: PakFile 'C:/Program Files/Epic Games/UE_4.27/FeaturePacks/TP_TwinStick.upack' (chunk index -1, root 'root:/') mounted
[2021.11.22-23.41.17:179][  0]LogShaderLibrary: Display: ShaderCodeLibraryPakFileMountedCallback: pending pak file info (ChunkID:-1 Root:root:/ File:C:/Program Files/Epic Games/UE_4.27/FeaturePacks/TP_TwinStick.upack)
[2021.11.22-23.41.17:179][  0]LogPakFile: OnPakFileMounted2Time == 0.000024
[2021.11.22-23.41.17:180][  0]LogPakFile: PakFile PrimaryIndexSize=187
[2021.11.22-23.41.17:180][  0]LogPakFile: PakFile PathHashIndexSize=101
[2021.11.22-23.41.17:180][  0]LogPakFile: PakFile FullDirectoryIndexSize=148
[2021.11.22-23.41.17:180][  0]LogShaderLibrary: Display: ShaderCodeLibraryPakFileMountedCallback: PakFile 'C:/Program Files/Epic Games/UE_4.27/FeaturePacks/TP_TwinStickBP.upack' (chunk index -1, root 'root:/') mounted
[2021.11.22-23.41.17:180][  0]LogShaderLibrary: Display: ShaderCodeLibraryPakFileMountedCallback: pending pak file info (ChunkID:-1 Root:root:/ File:C:/Program Files/Epic Games/UE_4.27/FeaturePacks/TP_TwinStickBP.upack)
[2021.11.22-23.41.17:180][  0]LogPakFile: OnPakFileMounted2Time == 0.000026
[2021.11.22-23.41.17:180][  0]LogPakFile: PakFile PrimaryIndexSize=183
[2021.11.22-23.41.17:180][  0]LogPakFile: PakFile PathHashIndexSize=101
[2021.11.22-23.41.17:180][  0]LogPakFile: PakFile FullDirectoryIndexSize=140
[2021.11.22-23.41.17:180][  0]LogShaderLibrary: Display: ShaderCodeLibraryPakFileMountedCallback: PakFile 'C:/Program Files/Epic Games/UE_4.27/FeaturePacks/TP_Vehicle.upack' (chunk index -1, root 'root:/') mounted
[2021.11.22-23.41.17:180][  0]LogShaderLibrary: Display: ShaderCodeLibraryPakFileMountedCallback: pending pak file info (ChunkID:-1 Root:root:/ File:C:/Program Files/Epic Games/UE_4.27/FeaturePacks/TP_Vehicle.upack)
[2021.11.22-23.41.17:180][  0]LogPakFile: OnPakFileMounted2Time == 0.000026
[2021.11.22-23.41.17:180][  0]LogPakFile: PakFile PrimaryIndexSize=186
[2021.11.22-23.41.17:180][  0]LogPakFile: PakFile PathHashIndexSize=101
[2021.11.22-23.41.17:180][  0]LogPakFile: PakFile FullDirectoryIndexSize=146
[2021.11.22-23.41.17:180][  0]LogShaderLibrary: Display: ShaderCodeLibraryPakFileMountedCallback: PakFile 'C:/Program Files/Epic Games/UE_4.27/FeaturePacks/TP_VehicleAdv.upack' (chunk index -1, root 'root:/') mounted
[2021.11.22-23.41.17:180][  0]LogShaderLibrary: Display: ShaderCodeLibraryPakFileMountedCallback: pending pak file info (ChunkID:-1 Root:root:/ File:C:/Program Files/Epic Games/UE_4.27/FeaturePacks/TP_VehicleAdv.upack)
[2021.11.22-23.41.17:180][  0]LogPakFile: OnPakFileMounted2Time == 0.000025
[2021.11.22-23.41.17:181][  0]LogPakFile: PakFile PrimaryIndexSize=188
[2021.11.22-23.41.17:181][  0]LogPakFile: PakFile PathHashIndexSize=101
[2021.11.22-23.41.17:181][  0]LogPakFile: PakFile FullDirectoryIndexSize=150
[2021.11.22-23.41.17:181][  0]LogShaderLibrary: Display: ShaderCodeLibraryPakFileMountedCallback: PakFile 'C:/Program Files/Epic Games/UE_4.27/FeaturePacks/TP_VehicleAdvBP.upack' (chunk index -1, root 'root:/') mounted
[2021.11.22-23.41.17:181][  0]LogShaderLibrary: Display: ShaderCodeLibraryPakFileMountedCallback: pending pak file info (ChunkID:-1 Root:root:/ File:C:/Program Files/Epic Games/UE_4.27/FeaturePacks/TP_VehicleAdvBP.upack)
[2021.11.22-23.41.17:181][  0]LogPakFile: OnPakFileMounted2Time == 0.000024
[2021.11.22-23.41.17:181][  0]LogPakFile: PakFile PrimaryIndexSize=185
[2021.11.22-23.41.17:181][  0]LogPakFile: PakFile PathHashIndexSize=101
[2021.11.22-23.41.17:181][  0]LogPakFile: PakFile FullDirectoryIndexSize=144
[2021.11.22-23.41.17:181][  0]LogShaderLibrary: Display: ShaderCodeLibraryPakFileMountedCallback: PakFile 'C:/Program Files/Epic Games/UE_4.27/FeaturePacks/TP_VehicleBP.upack' (chunk index -1, root 'root:/') mounted
[2021.11.22-23.41.17:181][  0]LogShaderLibrary: Display: ShaderCodeLibraryPakFileMountedCallback: pending pak file info (ChunkID:-1 Root:root:/ File:C:/Program Files/Epic Games/UE_4.27/FeaturePacks/TP_VehicleBP.upack)
[2021.11.22-23.41.17:181][  0]LogPakFile: OnPakFileMounted2Time == 0.000026
[2021.11.22-23.41.17:182][  0]LogPakFile: PakFile PrimaryIndexSize=192
[2021.11.22-23.41.17:182][  0]LogPakFile: PakFile PathHashIndexSize=101
[2021.11.22-23.41.17:182][  0]LogPakFile: PakFile FullDirectoryIndexSize=158
[2021.11.22-23.41.17:182][  0]LogShaderLibrary: Display: ShaderCodeLibraryPakFileMountedCallback: PakFile 'C:/Program Files/Epic Games/UE_4.27/FeaturePacks/TP_VirtualRealityBP.upack' (chunk index -1, root 'root:/') mounted
[2021.11.22-23.41.17:182][  0]LogShaderLibrary: Display: ShaderCodeLibraryPakFileMountedCallback: pending pak file info (ChunkID:-1 Root:root:/ File:C:/Program Files/Epic Games/UE_4.27/FeaturePacks/TP_VirtualRealityBP.upack)
[2021.11.22-23.41.17:182][  0]LogPakFile: OnPakFileMounted2Time == 0.000027
[2021.11.22-23.41.17:214][  0]LogNativeClassHierarchy: Verbose: Native class hierarchy updated for 'AddContentDialog' in 0.0002 seconds. Added 0 classes and 0 folders.
[2021.11.22-23.41.17:215][  0]LogNativeClassHierarchy: Verbose: Native class hierarchy updated for 'SceneOutliner' in 0.0002 seconds. Added 2 classes and 0 folders.
[2021.11.22-23.41.17:241][  0]LogSlate: Took 0.000122 seconds to synchronously load lazily loaded font '../../../Engine/Content/Slate/Fonts/Roboto-Regular.ttf' (155K)
[2021.11.22-23.41.17:241][  0]LogSlate: Took 0.000077 seconds to synchronously load lazily loaded font '../../../Engine/Content/Editor/Slate/Fonts/FontAwesome.ttf' (139K)
[2021.11.22-23.41.17:242][  0]LogSlate: Took 0.000078 seconds to synchronously load lazily loaded font '../../../Engine/Content/Slate/Fonts/Roboto-Bold.ttf' (160K)
[2021.11.22-23.41.17:310][  0]LogRenderer: Reallocating scene render targets to support 1164x572 Format 10 NumSamples 1 (Frame:1).
[2021.11.22-23.41.17:648][  0]LogSlate: Took 0.000127 seconds to synchronously load lazily loaded font '../../../Engine/Content/Slate/Fonts/Roboto-Light.ttf' (167K)
[2021.11.22-23.41.17:703][  0]LogNativeClassHierarchy: Verbose: Native class hierarchy updated for 'HierarchicalLODOutliner' in 0.0002 seconds. Added 0 classes and 0 folders.
[2021.11.22-23.41.17:703][  0]LogLoad: (Engine Initialization) Total time: 5.49 seconds
[2021.11.22-23.41.17:703][  0]LogLoad: (Engine Initialization) Total Blueprint compile time: 0.00 seconds
[2021.11.22-23.41.17:734][  0]LogAssetRegistry: Asset discovery search completed in 3.1616 seconds
[2021.11.22-23.41.17:738][  0]LogCollectionManager: Fixed up redirectors for 0 collections in 0.000002 seconds (updated 0 objects)
[2021.11.22-23.41.17:740][  0]LogContentStreaming: Texture pool size now 1000 MB
[2021.11.22-23.41.25:644][884]LogSlate: Took 0.000085 seconds to synchronously load lazily loaded font '../../../Engine/Content/Slate/Fonts/Roboto-Light.ttf' (167K)
[2021.11.22-23.41.25:663][884]LogAssetEditorSubsystem: Opening Asset editor for Blueprint /Game/Blueprints/BP_Background.BP_Background
[2021.11.22-23.41.26:179][884]LogNativeClassHierarchy: Verbose: Native class hierarchy updated for 'BlueprintGraph' in 0.0004 seconds. Added 126 classes and 0 folders.
[2021.11.22-23.41.26:853][884]LogSlate: Took 0.003634 seconds to synchronously load lazily loaded font '../../../Engine/Content/Slate/Fonts/Roboto-BoldCondensed.ttf' (158K)
[2021.11.22-23.41.26:891][885]LogSlate: Took 0.003757 seconds to synchronously load lazily loaded font '../../../Engine/Content/Slate/Fonts/Roboto-Italic.ttf' (157K)
[2021.11.22-23.41.30:052][229]LogUObjectHash: Compacting FUObjectHashTables data took   1.63ms
[2021.11.22-23.41.30:078][229]LogAssetEditorSubsystem: Opening Asset editor for World /Game/Blueprints/Level.Level
[2021.11.22-23.41.30:078][229]Cmd: MAP LOAD FILE="../../../../../../Users/u1330176/Documents/Unreal Projects/TeaMates/TeaMates/Content/Blueprints/Level.umap" TEMPLATE=0 SHOWPROGRESS=1 FEATURELEVEL=3
[2021.11.22-23.41.30:078][229]LightingResults: New page: Lighting Build
[2021.11.22-23.41.30:078][229]LoadErrors: New page: Loading map: Level.umap
[2021.11.22-23.41.30:121][229]LogWorld: UWorld::CleanupWorld for Untitled_1, bSessionEnded=true, bCleanupResources=true
[2021.11.22-23.41.30:121][229]LogSlate: InvalidateAllWidgets triggered.  All widgets were invalidated
[2021.11.22-23.41.30:122][229]MapCheck: New page: Map Check
[2021.11.22-23.41.30:122][229]LightingResults: New page: Lighting Build
[2021.11.22-23.41.30:134][229]LogAudio: Display: Audio Device unregistered from world 'None'.
[2021.11.22-23.41.30:137][229]LogUObjectHash: Compacting FUObjectHashTables data took   1.55ms
[2021.11.22-23.41.30:137][229]LogAudio: Display: Audio Device (ID: 1) registered with world 'Level'.
[2021.11.22-23.41.30:142][229]LogEditorServer: Finished looking for orphan Actors (0.000 secs)
[2021.11.22-23.41.30:142][229]LogAIModule: Creating AISystem for world Level
[2021.11.22-23.41.30:157][229]LogUObjectHash: Compacting FUObjectHashTables data took   1.41ms
[2021.11.22-23.41.30:159][229]Cmd: MAP CHECKDEP NOCLEARLOG
[2021.11.22-23.41.30:159][229]MapCheck: Map check complete: 0 Error(s), 0 Warning(s), took 0.09ms to complete.
[2021.11.22-23.41.30:159][229]LogFileHelpers: Loading map 'Level' took 0.082
[2021.11.22-23.41.38:477][138]LogAssetEditorSubsystem: Opening Asset editor for LevelScriptBlueprint /Game/Blueprints/Level.Level:PersistentLevel.Level
[2021.11.22-23.41.43:014][627]LogAssetEditorSubsystem: Opening Asset editor for Blueprint /Game/Blueprints/BackgroundManager.BackgroundManager
[2021.11.22-23.41.56:945][219]LogTemp: Repeating last play command: Selected Viewport
[2021.11.22-23.41.56:948][219]LogPlayLevel: PlayLevel: No blueprints needed recompiling
[2021.11.22-23.41.56:948][219]PIE: New page: PIE session: Level (Nov 22, 2021, 9:41:56 AM)
[2021.11.22-23.41.56:949][219]LogOnline: OSS: Creating online subsystem instance for: NULL
[2021.11.22-23.41.56:950][219]LogOnline: OSS: TryLoadSubsystemAndSetDefault: Loaded subsystem for module [NULL]
[2021.11.22-23.41.56:950][219]LogPlayLevel: Creating play world package: /Game/Blueprints/UEDPIE_0_Level
[2021.11.22-23.41.56:952][219]LogPlayLevel: PIE: StaticDuplicateObject took: (0.001850s)
[2021.11.22-23.41.56:952][219]LogAIModule: Creating AISystem for world Level
[2021.11.22-23.41.56:953][219]LogPlayLevel: PIE: World Init took: (0.000846s)
[2021.11.22-23.41.56:953][219]LogPlayLevel: PIE: Created PIE world by copying editor world from /Game/Blueprints/Level.Level to /Game/Blueprints/UEDPIE_0_Level.Level (0.002786s)
[2021.11.22-23.41.56:973][219]LogUObjectHash: Compacting FUObjectHashTables data took   1.34ms
[2021.11.22-23.41.56:974][219]LogAudio: Display: Creating Audio Device:                 Id: 2, Scope: Unique, Realtime: True
[2021.11.22-23.41.56:974][219]LogAudioMixer: Display: Audio Mixer Platform Settings:
[2021.11.22-23.41.56:974][219]LogAudioMixer: Display: 	Sample Rate:						  48000
[2021.11.22-23.41.56:974][219]LogAudioMixer: Display: 	Callback Buffer Frame Size Requested: 1024
[2021.11.22-23.41.56:974][219]LogAudioMixer: Display: 	Callback Buffer Frame Size To Use:	  1024
[2021.11.22-23.41.56:974][219]LogAudioMixer: Display: 	Number of buffers to queue:			  2
[2021.11.22-23.41.56:974][219]LogAudioMixer: Display: 	Max Channels (voices):				  32
[2021.11.22-23.41.56:974][219]LogAudioMixer: Display: 	Number of Async Source Workers:		  0
[2021.11.22-23.41.56:974][219]LogAudio: Display: AudioDevice MaxSources: 32
[2021.11.22-23.41.56:974][219]LogAudio: Display: Audio Spatialization Plugin: None (built-in).
[2021.11.22-23.41.56:974][219]LogAudio: Display: Audio Reverb Plugin: None (built-in).
[2021.11.22-23.41.56:974][219]LogAudio: Display: Audio Occlusion Plugin: None (built-in).
[2021.11.22-23.41.56:974][219]LogAudioMixer: Display: Initializing audio mixer.
[2021.11.22-23.41.56:977][219]LogAudioMixer: Display: 0: FrontLeft
[2021.11.22-23.41.56:977][219]LogAudioMixer: Display: 1: FrontRight
[2021.11.22-23.41.56:982][219]LogAudioMixer: Display: Using Audio Device DELL UZ2315H (NVIDIA High Definition Audio)
[2021.11.22-23.41.56:982][219]LogAudioMixer: Display: Initializing Sound Submixes...
[2021.11.22-23.41.56:982][219]LogAudioMixer: Display: Creating Master Submix 'MasterSubmixDefault'
[2021.11.22-23.41.56:982][219]LogAudioMixer: Display: Creating Master Submix 'MasterReverbSubmixDefault'
[2021.11.22-23.41.56:982][219]LogAudioMixer: Display: Creating Master Submix 'MasterEQSubmixDefault'
[2021.11.22-23.41.56:982][219]LogAudioMixer: FMixerPlatformXAudio2::StartAudioStream() called
[2021.11.22-23.41.56:982][219]LogAudioMixer: Display: Output buffers initialized: Frames=1024, Channels=2, Samples=2048
[2021.11.22-23.41.56:983][219]LogAudioMixer: Display: Starting AudioMixerPlatformInterface::RunInternal()
[2021.11.22-23.41.56:983][219]LogAudioMixer: Display: FMixerPlatformXAudio2::SubmitBuffer() called for the first time
[2021.11.22-23.41.56:983][219]LogInit: FAudioDevice initialized.
[2021.11.22-23.41.56:983][219]LogAudio: Display: Audio Device (ID: 2) registered with world 'Level'.
[2021.11.22-23.41.56:988][219]LogLoad: Game class is 'GameModeBase'
[2021.11.22-23.41.56:989][219]LogWorld: Bringing World /Game/Blueprints/UEDPIE_0_Level.Level up for play (max tick rate 0) at 2021.11.22-16.41.56
[2021.11.22-23.41.56:989][219]LogWorld: Bringing up level for play took: 0.000386
[2021.11.22-23.41.56:989][219]LogOnline: OSS: Creating online subsystem instance for: :Context_6
[2021.11.22-23.41.56:991][219]LogNativeClassHierarchy: Verbose: Native class hierarchy updated for 'MovieSceneCapture' in 0.0003 seconds. Added 20 classes and 0 folders.
[2021.11.22-23.41.56:991][219]PIE: Server logged in
[2021.11.22-23.41.56:992][219]PIE: Play in editor total start time 0.045 seconds.
[2021.11.22-23.42.26:192][682]LogSlate: Updating window title bar state: overlay mode, drag disabled, window buttons hidden, title bar hidden
[2021.11.22-23.42.26:192][682]LogWorld: BeginTearingDown for /Game/Blueprints/UEDPIE_0_Level
[2021.11.22-23.42.26:192][682]LogWorld: UWorld::CleanupWorld for Level, bSessionEnded=true, bCleanupResources=true
[2021.11.22-23.42.26:192][682]LogSlate: InvalidateAllWidgets triggered.  All widgets were invalidated
[2021.11.22-23.42.26:196][682]LogPlayLevel: Display: Shutting down PIE online subsystems
[2021.11.22-23.42.26:200][682]LogSlate: InvalidateAllWidgets triggered.  All widgets were invalidated
[2021.11.22-23.42.26:221][682]LogAudio: Display: Audio Device unregistered from world 'None'.
[2021.11.22-23.42.26:221][682]LogAudioMixer: FMixerPlatformXAudio2::StopAudioStream() called
[2021.11.22-23.42.26:222][682]LogAudioMixer: FMixerPlatformXAudio2::StopAudioStream() called
[2021.11.22-23.42.26:223][682]LogSlate: Updating window title bar state: overlay mode, drag disabled, window buttons hidden, title bar hidden
[2021.11.22-23.42.26:243][682]LogUObjectHash: Compacting FUObjectHashTables data took   2.80ms
[2021.11.22-23.42.26:277][684]LogPlayLevel: Display: Destroying online subsystem :Context_6
